{"/home/itai/Documents/programing projects/web/sats-Pass-Manger/backend/src/IO_Mangers/DBManger/mongoDB/AuthDBManger.ts": {"path":"/home/itai/Documents/programing projects/web/sats-Pass-Manger/backend/src/IO_Mangers/DBManger/mongoDB/AuthDBManger.ts","statementMap":{"0":{"start":{"line":1,"column":0},"end":{"line":1,"column":43}},"1":{"start":{"line":4,"column":0},"end":{"line":4,"column":34}},"2":{"start":{"line":6,"column":0},"end":{"line":6,"column":null}},"3":{"start":{"line":6,"column":42},"end":{"line":6,"column":55}},"4":{"start":{"line":8,"column":10},"end":{"line":14,"column":null}},"5":{"start":{"line":8,"column":22},"end":{"line":8,"column":38}},"6":{"start":{"line":8,"column":38},"end":{"line":8,"column":null}},"7":{"start":{"line":9,"column":12},"end":{"line":9,"column":40}},"8":{"start":{"line":11,"column":8},"end":{"line":11,"column":65}},"9":{"start":{"line":13,"column":15},"end":{"line":13,"column":30}},"10":{"start":{"line":13,"column":8},"end":{"line":13,"column":30}},"11":{"start":{"line":16,"column":10},"end":{"line":21,"column":null}},"12":{"start":{"line":17,"column":24},"end":{"line":17,"column":null}},"13":{"start":{"line":17,"column":14},"end":{"line":17,"column":null}},"14":{"start":{"line":20,"column":8},"end":{"line":20,"column":23}},"15":{"start":{"line":23,"column":10},"end":{"line":27,"column":null}},"16":{"start":{"line":24,"column":24},"end":{"line":24,"column":null}},"17":{"start":{"line":24,"column":14},"end":{"line":24,"column":null}},"18":{"start":{"line":25,"column":8},"end":{"line":25,"column":26}},"19":{"start":{"line":26,"column":8},"end":{"line":26,"column":23}},"20":{"start":{"line":29,"column":10},"end":{"line":33,"column":null}},"21":{"start":{"line":30,"column":28},"end":{"line":30,"column":null}},"22":{"start":{"line":30,"column":14},"end":{"line":30,"column":null}},"23":{"start":{"line":32,"column":8},"end":{"line":32,"column":27}},"24":{"start":{"line":35,"column":10},"end":{"line":39,"column":null}},"25":{"start":{"line":36,"column":24},"end":{"line":36,"column":null}},"26":{"start":{"line":36,"column":14},"end":{"line":36,"column":null}},"27":{"start":{"line":37,"column":8},"end":{"line":37,"column":26}},"28":{"start":{"line":38,"column":8},"end":{"line":38,"column":23}},"29":{"start":{"line":41,"column":10},"end":{"line":46,"column":null}},"30":{"start":{"line":41,"column":32},"end":{"line":41,"column":null}},"31":{"start":{"line":42,"column":14},"end":{"line":42,"column":46}},"32":{"start":{"line":43,"column":8},"end":{"line":43,"column":54}},"33":{"start":{"line":43,"column":25},"end":{"line":43,"column":54}},"34":{"start":{"line":44,"column":21},"end":{"line":44,"column":null}},"35":{"start":{"line":44,"column":14},"end":{"line":44,"column":null}},"36":{"start":{"line":45,"column":8},"end":{"line":45,"column":20}},"37":{"start":{"line":48,"column":4},"end":{"line":55,"column":null}},"38":{"start":{"line":48,"column":4},"end":{"line":48,"column":23}},"39":{"start":{"line":50,"column":8},"end":{"line":52,"column":null}},"40":{"start":{"line":51,"column":12},"end":{"line":51,"column":36}},"41":{"start":{"line":54,"column":8},"end":{"line":54,"column":31}},"42":{"start":{"line":56,"column":0},"end":{"line":56,"column":null}}},"fnMap":{"0":{"name":"(anonymous_20)","decl":{"start":{"line":6,"column":0},"end":{"line":6,"column":42}},"loc":{"start":{"line":6,"column":0},"end":{"line":56,"column":null}}},"1":{"name":"(anonymous_22)","decl":{"start":{"line":8,"column":4},"end":{"line":8,"column":10}},"loc":{"start":{"line":8,"column":53},"end":{"line":14,"column":null}}},"2":{"name":"(anonymous_25)","decl":{"start":{"line":16,"column":4},"end":{"line":16,"column":10}},"loc":{"start":{"line":16,"column":31},"end":{"line":21,"column":null}}},"3":{"name":"(anonymous_28)","decl":{"start":{"line":23,"column":4},"end":{"line":23,"column":10}},"loc":{"start":{"line":23,"column":38},"end":{"line":27,"column":null}}},"4":{"name":"(anonymous_31)","decl":{"start":{"line":29,"column":4},"end":{"line":29,"column":10}},"loc":{"start":{"line":29,"column":47},"end":{"line":33,"column":null}}},"5":{"name":"(anonymous_34)","decl":{"start":{"line":35,"column":4},"end":{"line":35,"column":10}},"loc":{"start":{"line":35,"column":28},"end":{"line":39,"column":null}}},"6":{"name":"(anonymous_37)","decl":{"start":{"line":41,"column":4},"end":{"line":41,"column":10}},"loc":{"start":{"line":41,"column":52},"end":{"line":46,"column":null}}},"7":{"name":"(anonymous_40)","decl":{"start":{"line":48,"column":4},"end":{"line":48,"column":23}},"loc":{"start":{"line":48,"column":4},"end":{"line":55,"column":5}}},"8":{"name":"(anonymous_41)","decl":{"start":{"line":50,"column":32},"end":{"line":50,"column":33}},"loc":{"start":{"line":50,"column":43},"end":{"line":52,"column":9}}}},"branchMap":{"0":{"loc":{"start":{"line":8,"column":22},"end":{"line":8,"column":38}},"type":"if","locations":[{"start":{"line":8,"column":22},"end":{"line":8,"column":38}},{"start":{"line":8,"column":22},"end":{"line":8,"column":38}}]},"1":{"loc":{"start":{"line":8,"column":38},"end":{"line":8,"column":null}},"type":"if","locations":[{"start":{"line":8,"column":38},"end":{"line":8,"column":null}},{"start":{"line":8,"column":38},"end":{"line":8,"column":null}}]},"2":{"loc":{"start":{"line":13,"column":8},"end":{"line":13,"column":30}},"type":"switch","locations":[{"start":{"line":13,"column":8},"end":{"line":13,"column":30}}]},"3":{"loc":{"start":{"line":17,"column":24},"end":{"line":17,"column":null}},"type":"switch","locations":[{"start":{"line":17,"column":24},"end":{"line":17,"column":null}}]},"4":{"loc":{"start":{"line":24,"column":24},"end":{"line":24,"column":null}},"type":"switch","locations":[{"start":{"line":24,"column":24},"end":{"line":24,"column":null}}]},"5":{"loc":{"start":{"line":30,"column":28},"end":{"line":30,"column":null}},"type":"switch","locations":[{"start":{"line":30,"column":28},"end":{"line":30,"column":null}}]},"6":{"loc":{"start":{"line":36,"column":24},"end":{"line":36,"column":null}},"type":"switch","locations":[{"start":{"line":36,"column":24},"end":{"line":36,"column":null}}]},"7":{"loc":{"start":{"line":41,"column":32},"end":{"line":41,"column":null}},"type":"if","locations":[{"start":{"line":41,"column":32},"end":{"line":41,"column":null}},{"start":{"line":41,"column":32},"end":{"line":41,"column":null}}]},"8":{"loc":{"start":{"line":43,"column":8},"end":{"line":43,"column":54}},"type":"if","locations":[{"start":{"line":43,"column":8},"end":{"line":43,"column":54}},{"start":{"line":43,"column":8},"end":{"line":43,"column":54}}]}},"s":{"0":2,"1":2,"2":2,"3":2,"4":2,"5":5,"6":5,"7":3,"8":3,"9":3,"10":3,"11":2,"12":9,"13":9,"14":9,"15":2,"16":17,"17":17,"18":17,"19":17,"20":2,"21":2,"22":2,"23":2,"24":2,"25":3,"26":3,"27":3,"28":3,"29":2,"30":7,"31":6,"32":6,"33":5,"34":6,"35":6,"36":6,"37":2,"38":1,"39":1,"40":1,"41":1,"42":2},"f":{"0":48,"1":3,"2":9,"3":17,"4":2,"5":3,"6":6,"7":1,"8":1},"b":{"0":[2,1],"1":[2,1],"2":[3],"3":[9],"4":[17],"5":[2],"6":[3],"7":[1,5],"8":[5,1]}}
,"/home/itai/Documents/programing projects/web/sats-Pass-Manger/backend/src/IO_Mangers/DBManger/mongoDB/PassesDBManger.ts": {"path":"/home/itai/Documents/programing projects/web/sats-Pass-Manger/backend/src/IO_Mangers/DBManger/mongoDB/PassesDBManger.ts","statementMap":{"0":{"start":{"line":1,"column":0},"end":{"line":1,"column":43}},"1":{"start":{"line":4,"column":0},"end":{"line":4,"column":34}},"2":{"start":{"line":6,"column":0},"end":{"line":6,"column":null}},"3":{"start":{"line":6,"column":44},"end":{"line":6,"column":57}},"4":{"start":{"line":8,"column":10},"end":{"line":15,"column":null}},"5":{"start":{"line":8,"column":23},"end":{"line":8,"column":40}},"6":{"start":{"line":8,"column":40},"end":{"line":8,"column":null}},"7":{"start":{"line":10,"column":12},"end":{"line":10,"column":40}},"8":{"start":{"line":12,"column":8},"end":{"line":12,"column":62}},"9":{"start":{"line":14,"column":15},"end":{"line":14,"column":30}},"10":{"start":{"line":14,"column":8},"end":{"line":14,"column":30}},"11":{"start":{"line":17,"column":10},"end":{"line":20,"column":null}},"12":{"start":{"line":18,"column":24},"end":{"line":18,"column":null}},"13":{"start":{"line":18,"column":14},"end":{"line":18,"column":null}},"14":{"start":{"line":19,"column":8},"end":{"line":19,"column":23}},"15":{"start":{"line":22,"column":10},"end":{"line":27,"column":null}},"16":{"start":{"line":24,"column":27},"end":{"line":24,"column":null}},"17":{"start":{"line":24,"column":14},"end":{"line":24,"column":null}},"18":{"start":{"line":25,"column":8},"end":{"line":25,"column":26}},"19":{"start":{"line":26,"column":8},"end":{"line":26,"column":26}},"20":{"start":{"line":29,"column":10},"end":{"line":36,"column":null}},"21":{"start":{"line":31,"column":24},"end":{"line":33,"column":null}},"22":{"start":{"line":31,"column":14},"end":{"line":33,"column":null}},"23":{"start":{"line":35,"column":8},"end":{"line":35,"column":23}},"24":{"start":{"line":38,"column":10},"end":{"line":41,"column":null}},"25":{"start":{"line":40,"column":15},"end":{"line":40,"column":89}},"26":{"start":{"line":40,"column":8},"end":{"line":40,"column":89}},"27":{"start":{"line":43,"column":4},"end":{"line":50,"column":null}},"28":{"start":{"line":43,"column":4},"end":{"line":43,"column":17}},"29":{"start":{"line":45,"column":8},"end":{"line":47,"column":null}},"30":{"start":{"line":46,"column":12},"end":{"line":46,"column":36}},"31":{"start":{"line":49,"column":8},"end":{"line":49,"column":31}},"32":{"start":{"line":51,"column":0},"end":{"line":51,"column":null}}},"fnMap":{"0":{"name":"(anonymous_20)","decl":{"start":{"line":6,"column":0},"end":{"line":6,"column":44}},"loc":{"start":{"line":6,"column":0},"end":{"line":51,"column":null}}},"1":{"name":"(anonymous_22)","decl":{"start":{"line":8,"column":4},"end":{"line":8,"column":10}},"loc":{"start":{"line":8,"column":55},"end":{"line":15,"column":null}}},"2":{"name":"(anonymous_25)","decl":{"start":{"line":17,"column":4},"end":{"line":17,"column":10}},"loc":{"start":{"line":17,"column":26},"end":{"line":20,"column":null}}},"3":{"name":"(anonymous_28)","decl":{"start":{"line":22,"column":4},"end":{"line":22,"column":10}},"loc":{"start":{"line":22,"column":33},"end":{"line":27,"column":null}}},"4":{"name":"(anonymous_31)","decl":{"start":{"line":29,"column":4},"end":{"line":29,"column":10}},"loc":{"start":{"line":29,"column":37},"end":{"line":36,"column":null}}},"5":{"name":"(anonymous_34)","decl":{"start":{"line":38,"column":4},"end":{"line":38,"column":10}},"loc":{"start":{"line":38,"column":22},"end":{"line":41,"column":null}}},"6":{"name":"(anonymous_37)","decl":{"start":{"line":43,"column":4},"end":{"line":43,"column":17}},"loc":{"start":{"line":43,"column":4},"end":{"line":50,"column":5}}},"7":{"name":"(anonymous_38)","decl":{"start":{"line":45,"column":32},"end":{"line":45,"column":33}},"loc":{"start":{"line":45,"column":43},"end":{"line":47,"column":9}}}},"branchMap":{"0":{"loc":{"start":{"line":8,"column":23},"end":{"line":8,"column":40}},"type":"if","locations":[{"start":{"line":8,"column":23},"end":{"line":8,"column":40}},{"start":{"line":8,"column":23},"end":{"line":8,"column":40}}]},"1":{"loc":{"start":{"line":8,"column":40},"end":{"line":8,"column":null}},"type":"if","locations":[{"start":{"line":8,"column":40},"end":{"line":8,"column":null}},{"start":{"line":8,"column":40},"end":{"line":8,"column":null}}]},"2":{"loc":{"start":{"line":14,"column":8},"end":{"line":14,"column":30}},"type":"switch","locations":[{"start":{"line":14,"column":8},"end":{"line":14,"column":30}}]},"3":{"loc":{"start":{"line":18,"column":24},"end":{"line":18,"column":null}},"type":"switch","locations":[{"start":{"line":18,"column":24},"end":{"line":18,"column":null}}]},"4":{"loc":{"start":{"line":24,"column":27},"end":{"line":24,"column":null}},"type":"switch","locations":[{"start":{"line":24,"column":27},"end":{"line":24,"column":null}}]},"5":{"loc":{"start":{"line":31,"column":24},"end":{"line":33,"column":null}},"type":"switch","locations":[{"start":{"line":31,"column":24},"end":{"line":33,"column":null}}]},"6":{"loc":{"start":{"line":40,"column":15},"end":{"line":40,"column":89}},"type":"switch","locations":[{"start":{"line":40,"column":15},"end":{"line":40,"column":89}},{"start":{"line":40,"column":8},"end":{"line":40,"column":89}}]}},"s":{"0":2,"1":2,"2":2,"3":2,"4":2,"5":10,"6":11,"7":8,"8":8,"9":8,"10":8,"11":2,"12":4,"13":4,"14":4,"15":2,"16":11,"17":11,"18":11,"19":11,"20":2,"21":3,"22":3,"23":3,"24":2,"25":2,"26":2,"27":2,"28":2,"29":2,"30":2,"31":2,"32":2},"f":{"0":48,"1":8,"2":4,"3":11,"4":3,"5":2,"6":2,"7":2},"b":{"0":[2,6],"1":[3,5],"2":[8],"3":[4],"4":[11],"5":[3],"6":[2,2]}}
,"/home/itai/Documents/programing projects/web/sats-Pass-Manger/backend/src/IO_Mangers/DBManger/mongoDB/SatellitesDBManger.ts": {"path":"/home/itai/Documents/programing projects/web/sats-Pass-Manger/backend/src/IO_Mangers/DBManger/mongoDB/SatellitesDBManger.ts","statementMap":{"0":{"start":{"line":1,"column":0},"end":{"line":1,"column":43}},"1":{"start":{"line":4,"column":0},"end":{"line":4,"column":44}},"2":{"start":{"line":7,"column":0},"end":{"line":7,"column":null}},"3":{"start":{"line":7,"column":48},"end":{"line":7,"column":61}},"4":{"start":{"line":9,"column":10},"end":{"line":16,"column":null}},"5":{"start":{"line":9,"column":27},"end":{"line":9,"column":39}},"6":{"start":{"line":9,"column":39},"end":{"line":9,"column":null}},"7":{"start":{"line":11,"column":12},"end":{"line":11,"column":45}},"8":{"start":{"line":13,"column":8},"end":{"line":13,"column":68}},"9":{"start":{"line":15,"column":15},"end":{"line":15,"column":30}},"10":{"start":{"line":15,"column":8},"end":{"line":15,"column":30}},"11":{"start":{"line":18,"column":10},"end":{"line":25,"column":null}},"12":{"start":{"line":19,"column":29},"end":{"line":23,"column":null}},"13":{"start":{"line":19,"column":14},"end":{"line":23,"column":null}},"14":{"start":{"line":24,"column":8},"end":{"line":24,"column":28}},"15":{"start":{"line":28,"column":10},"end":{"line":33,"column":null}},"16":{"start":{"line":30,"column":32},"end":{"line":30,"column":null}},"17":{"start":{"line":30,"column":14},"end":{"line":30,"column":null}},"18":{"start":{"line":31,"column":8},"end":{"line":31,"column":31}},"19":{"start":{"line":32,"column":8},"end":{"line":32,"column":31}},"20":{"start":{"line":35,"column":10},"end":{"line":39,"column":null}},"21":{"start":{"line":36,"column":15},"end":{"line":38,"column":null}},"22":{"start":{"line":36,"column":8},"end":{"line":38,"column":null}},"23":{"start":{"line":41,"column":10},"end":{"line":44,"column":null}},"24":{"start":{"line":42,"column":8},"end":{"line":42,"column":31}},"25":{"start":{"line":43,"column":15},"end":{"line":43,"column":53}},"26":{"start":{"line":43,"column":8},"end":{"line":43,"column":53}},"27":{"start":{"line":46,"column":4},"end":{"line":53,"column":null}},"28":{"start":{"line":46,"column":4},"end":{"line":46,"column":23}},"29":{"start":{"line":48,"column":8},"end":{"line":50,"column":null}},"30":{"start":{"line":49,"column":12},"end":{"line":49,"column":41}},"31":{"start":{"line":52,"column":8},"end":{"line":52,"column":36}},"32":{"start":{"line":54,"column":0},"end":{"line":54,"column":null}}},"fnMap":{"0":{"name":"(anonymous_20)","decl":{"start":{"line":7,"column":0},"end":{"line":7,"column":48}},"loc":{"start":{"line":7,"column":0},"end":{"line":54,"column":null}}},"1":{"name":"(anonymous_22)","decl":{"start":{"line":9,"column":4},"end":{"line":9,"column":10}},"loc":{"start":{"line":9,"column":54},"end":{"line":16,"column":null}}},"2":{"name":"(anonymous_25)","decl":{"start":{"line":18,"column":4},"end":{"line":18,"column":10}},"loc":{"start":{"line":18,"column":31},"end":{"line":25,"column":null}}},"3":{"name":"(anonymous_28)","decl":{"start":{"line":28,"column":4},"end":{"line":28,"column":10}},"loc":{"start":{"line":28,"column":43},"end":{"line":33,"column":null}}},"4":{"name":"(anonymous_31)","decl":{"start":{"line":35,"column":4},"end":{"line":35,"column":10}},"loc":{"start":{"line":35,"column":59},"end":{"line":39,"column":null}}},"5":{"name":"(anonymous_34)","decl":{"start":{"line":41,"column":4},"end":{"line":41,"column":10}},"loc":{"start":{"line":41,"column":39},"end":{"line":44,"column":null}}},"6":{"name":"(anonymous_37)","decl":{"start":{"line":46,"column":4},"end":{"line":46,"column":23}},"loc":{"start":{"line":46,"column":4},"end":{"line":53,"column":5}}},"7":{"name":"(anonymous_38)","decl":{"start":{"line":48,"column":37},"end":{"line":48,"column":38}},"loc":{"start":{"line":48,"column":48},"end":{"line":50,"column":9}}}},"branchMap":{"0":{"loc":{"start":{"line":9,"column":27},"end":{"line":9,"column":39}},"type":"if","locations":[{"start":{"line":9,"column":27},"end":{"line":9,"column":39}},{"start":{"line":9,"column":27},"end":{"line":9,"column":39}}]},"1":{"loc":{"start":{"line":9,"column":39},"end":{"line":9,"column":null}},"type":"if","locations":[{"start":{"line":9,"column":39},"end":{"line":9,"column":null}},{"start":{"line":9,"column":39},"end":{"line":9,"column":null}}]},"2":{"loc":{"start":{"line":15,"column":8},"end":{"line":15,"column":30}},"type":"switch","locations":[{"start":{"line":15,"column":8},"end":{"line":15,"column":30}}]},"3":{"loc":{"start":{"line":19,"column":29},"end":{"line":23,"column":null}},"type":"switch","locations":[{"start":{"line":19,"column":29},"end":{"line":23,"column":null}}]},"4":{"loc":{"start":{"line":30,"column":32},"end":{"line":30,"column":null}},"type":"switch","locations":[{"start":{"line":30,"column":32},"end":{"line":30,"column":null}}]},"5":{"loc":{"start":{"line":36,"column":15},"end":{"line":38,"column":null}},"type":"switch","locations":[{"start":{"line":36,"column":15},"end":{"line":38,"column":null}},{"start":{"line":36,"column":8},"end":{"line":38,"column":null}}]},"6":{"loc":{"start":{"line":43,"column":8},"end":{"line":43,"column":53}},"type":"switch","locations":[{"start":{"line":43,"column":8},"end":{"line":43,"column":53}}]}},"s":{"0":2,"1":2,"2":2,"3":2,"4":2,"5":10,"6":11,"7":7,"8":7,"9":7,"10":7,"11":2,"12":12,"13":12,"14":12,"15":2,"16":13,"17":13,"18":13,"19":13,"20":2,"21":4,"22":4,"23":2,"24":2,"25":2,"26":2,"27":2,"28":1,"29":1,"30":1,"31":1,"32":2},"f":{"0":51,"1":7,"2":12,"3":13,"4":4,"5":2,"6":1,"7":1},"b":{"0":[3,4],"1":[4,3],"2":[7],"3":[12],"4":[13],"5":[4,4],"6":[2]}}
,"/home/itai/Documents/programing projects/web/sats-Pass-Manger/backend/src/IO_Mangers/DBManger/mongoDB/TestsDBManger.ts": {"path":"/home/itai/Documents/programing projects/web/sats-Pass-Manger/backend/src/IO_Mangers/DBManger/mongoDB/TestsDBManger.ts","statementMap":{"0":{"start":{"line":1,"column":0},"end":{"line":1,"column":43}},"1":{"start":{"line":4,"column":0},"end":{"line":4,"column":34}},"2":{"start":{"line":6,"column":0},"end":{"line":6,"column":null}},"3":{"start":{"line":6,"column":43},"end":{"line":6,"column":56}},"4":{"start":{"line":8,"column":10},"end":{"line":14,"column":null}},"5":{"start":{"line":8,"column":22},"end":{"line":8,"column":34}},"6":{"start":{"line":8,"column":34},"end":{"line":8,"column":null}},"7":{"start":{"line":9,"column":12},"end":{"line":9,"column":40}},"8":{"start":{"line":11,"column":8},"end":{"line":11,"column":53}},"9":{"start":{"line":13,"column":15},"end":{"line":13,"column":30}},"10":{"start":{"line":13,"column":8},"end":{"line":13,"column":30}},"11":{"start":{"line":16,"column":10},"end":{"line":20,"column":null}},"12":{"start":{"line":17,"column":24},"end":{"line":17,"column":null}},"13":{"start":{"line":17,"column":14},"end":{"line":17,"column":null}},"14":{"start":{"line":19,"column":8},"end":{"line":19,"column":23}},"15":{"start":{"line":22,"column":10},"end":{"line":24,"column":null}},"16":{"start":{"line":23,"column":15},"end":{"line":23,"column":47}},"17":{"start":{"line":23,"column":8},"end":{"line":23,"column":47}},"18":{"start":{"line":26,"column":10},"end":{"line":28,"column":null}},"19":{"start":{"line":27,"column":15},"end":{"line":27,"column":76}},"20":{"start":{"line":27,"column":8},"end":{"line":27,"column":76}},"21":{"start":{"line":30,"column":10},"end":{"line":32,"column":null}},"22":{"start":{"line":31,"column":15},"end":{"line":31,"column":49}},"23":{"start":{"line":31,"column":8},"end":{"line":31,"column":49}},"24":{"start":{"line":34,"column":4},"end":{"line":40,"column":null}},"25":{"start":{"line":34,"column":4},"end":{"line":34,"column":18}},"26":{"start":{"line":35,"column":8},"end":{"line":37,"column":null}},"27":{"start":{"line":36,"column":12},"end":{"line":36,"column":37}},"28":{"start":{"line":39,"column":8},"end":{"line":39,"column":32}},"29":{"start":{"line":41,"column":0},"end":{"line":41,"column":null}}},"fnMap":{"0":{"name":"(anonymous_20)","decl":{"start":{"line":6,"column":0},"end":{"line":6,"column":43}},"loc":{"start":{"line":6,"column":0},"end":{"line":41,"column":null}}},"1":{"name":"(anonymous_22)","decl":{"start":{"line":8,"column":4},"end":{"line":8,"column":10}},"loc":{"start":{"line":8,"column":44},"end":{"line":14,"column":null}}},"2":{"name":"(anonymous_25)","decl":{"start":{"line":16,"column":4},"end":{"line":16,"column":10}},"loc":{"start":{"line":16,"column":27},"end":{"line":20,"column":null}}},"3":{"name":"(anonymous_28)","decl":{"start":{"line":22,"column":4},"end":{"line":22,"column":10}},"loc":{"start":{"line":22,"column":33},"end":{"line":24,"column":null}}},"4":{"name":"(anonymous_31)","decl":{"start":{"line":26,"column":4},"end":{"line":26,"column":10}},"loc":{"start":{"line":26,"column":38},"end":{"line":28,"column":null}}},"5":{"name":"(anonymous_34)","decl":{"start":{"line":30,"column":4},"end":{"line":30,"column":10}},"loc":{"start":{"line":30,"column":29},"end":{"line":32,"column":null}}},"6":{"name":"(anonymous_37)","decl":{"start":{"line":34,"column":4},"end":{"line":34,"column":18}},"loc":{"start":{"line":34,"column":4},"end":{"line":40,"column":5}}},"7":{"name":"(anonymous_38)","decl":{"start":{"line":35,"column":32},"end":{"line":35,"column":33}},"loc":{"start":{"line":35,"column":43},"end":{"line":37,"column":9}}}},"branchMap":{"0":{"loc":{"start":{"line":8,"column":22},"end":{"line":8,"column":34}},"type":"if","locations":[{"start":{"line":8,"column":22},"end":{"line":8,"column":34}},{"start":{"line":8,"column":22},"end":{"line":8,"column":34}}]},"1":{"loc":{"start":{"line":8,"column":34},"end":{"line":8,"column":null}},"type":"if","locations":[{"start":{"line":8,"column":34},"end":{"line":8,"column":null}},{"start":{"line":8,"column":34},"end":{"line":8,"column":null}}]},"2":{"loc":{"start":{"line":13,"column":8},"end":{"line":13,"column":30}},"type":"switch","locations":[{"start":{"line":13,"column":8},"end":{"line":13,"column":30}}]},"3":{"loc":{"start":{"line":17,"column":24},"end":{"line":17,"column":null}},"type":"switch","locations":[{"start":{"line":17,"column":24},"end":{"line":17,"column":null}}]},"4":{"loc":{"start":{"line":23,"column":15},"end":{"line":23,"column":47}},"type":"switch","locations":[{"start":{"line":23,"column":15},"end":{"line":23,"column":47}},{"start":{"line":23,"column":8},"end":{"line":23,"column":47}}]},"5":{"loc":{"start":{"line":27,"column":15},"end":{"line":27,"column":76}},"type":"switch","locations":[{"start":{"line":27,"column":15},"end":{"line":27,"column":76}},{"start":{"line":27,"column":8},"end":{"line":27,"column":76}}]},"6":{"loc":{"start":{"line":31,"column":15},"end":{"line":31,"column":49}},"type":"switch","locations":[{"start":{"line":31,"column":15},"end":{"line":31,"column":49}},{"start":{"line":31,"column":8},"end":{"line":31,"column":49}}]}},"s":{"0":2,"1":2,"2":2,"3":2,"4":2,"5":6,"6":6,"7":4,"8":4,"9":4,"10":4,"11":2,"12":8,"13":8,"14":8,"15":2,"16":8,"17":8,"18":2,"19":2,"20":2,"21":2,"22":2,"23":2,"24":2,"25":1,"26":1,"27":1,"28":1,"29":2},"f":{"0":48,"1":4,"2":8,"3":8,"4":2,"5":2,"6":1,"7":1},"b":{"0":[2,2],"1":[2,2],"2":[4],"3":[8],"4":[8,8],"5":[2,2],"6":[2,2]}}
,"/home/itai/Documents/programing projects/web/sats-Pass-Manger/backend/src/IO_Mangers/DBManger/mongoDB/mangoDBManger.ts": {"path":"/home/itai/Documents/programing projects/web/sats-Pass-Manger/backend/src/IO_Mangers/DBManger/mongoDB/mangoDBManger.ts","statementMap":{"0":{"start":{"line":1,"column":0},"end":{"line":1,"column":32}},"1":{"start":{"line":5,"column":0},"end":{"line":5,"column":44}},"2":{"start":{"line":6,"column":0},"end":{"line":6,"column":34}},"3":{"start":{"line":7,"column":0},"end":{"line":7,"column":34}},"4":{"start":{"line":8,"column":0},"end":{"line":8,"column":34}},"5":{"start":{"line":10,"column":0},"end":{"line":10,"column":null}},"6":{"start":{"line":16,"column":4},"end":{"line":32,"column":null}},"7":{"start":{"line":16,"column":4},"end":{"line":16,"column":11}},"8":{"start":{"line":18,"column":8},"end":{"line":25,"column":81}},"9":{"start":{"line":25,"column":22},"end":{"line":25,"column":80}},"10":{"start":{"line":27,"column":8},"end":{"line":27,"column":79}},"11":{"start":{"line":27,"column":49},"end":{"line":27,"column":78}},"12":{"start":{"line":28,"column":8},"end":{"line":28,"column":69}},"13":{"start":{"line":28,"column":44},"end":{"line":28,"column":68}},"14":{"start":{"line":29,"column":8},"end":{"line":29,"column":69}},"15":{"start":{"line":29,"column":44},"end":{"line":29,"column":68}},"16":{"start":{"line":30,"column":8},"end":{"line":30,"column":70}},"17":{"start":{"line":30,"column":44},"end":{"line":30,"column":69}},"18":{"start":{"line":34,"column":14},"end":{"line":45,"column":null}},"19":{"start":{"line":34,"column":60},"end":{"line":34,"column":null}},"20":{"start":{"line":35,"column":8},"end":{"line":35,"column":61}},"21":{"start":{"line":35,"column":45},"end":{"line":35,"column":61}},"22":{"start":{"line":37,"column":8},"end":{"line":38,"column":51}},"23":{"start":{"line":38,"column":12},"end":{"line":38,"column":51}},"24":{"start":{"line":40,"column":8},"end":{"line":40,"column":50}},"25":{"start":{"line":41,"column":8},"end":{"line":41,"column":46}},"26":{"start":{"line":42,"column":8},"end":{"line":42,"column":46}},"27":{"start":{"line":43,"column":8},"end":{"line":43,"column":48}},"28":{"start":{"line":44,"column":8},"end":{"line":44,"column":24}},"29":{"start":{"line":47,"column":12},"end":{"line":53,"column":null}},"30":{"start":{"line":48,"column":8},"end":{"line":49,"column":24}},"31":{"start":{"line":49,"column":12},"end":{"line":49,"column":24}},"32":{"start":{"line":51,"column":8},"end":{"line":52,"column":90}},"33":{"start":{"line":54,"column":0},"end":{"line":54,"column":null}}},"fnMap":{"0":{"name":"(anonymous_1)","decl":{"start":{"line":10,"column":0},"end":{"line":10,"column":null}},"loc":{"start":{"line":10,"column":0},"end":{"line":54,"column":null}}},"1":{"name":"(anonymous_3)","decl":{"start":{"line":16,"column":4},"end":{"line":16,"column":11}},"loc":{"start":{"line":16,"column":15},"end":{"line":32,"column":5}}},"2":{"name":"(anonymous_4)","decl":{"start":{"line":25,"column":14},"end":{"line":25,"column":18}},"loc":{"start":{"line":25,"column":18},"end":{"line":25,"column":29}}},"3":{"name":"(anonymous_5)","decl":{"start":{"line":27,"column":40},"end":{"line":27,"column":45}},"loc":{"start":{"line":27,"column":45},"end":{"line":27,"column":53}}},"4":{"name":"(anonymous_6)","decl":{"start":{"line":28,"column":35},"end":{"line":28,"column":40}},"loc":{"start":{"line":28,"column":40},"end":{"line":28,"column":48}}},"5":{"name":"(anonymous_7)","decl":{"start":{"line":29,"column":35},"end":{"line":29,"column":40}},"loc":{"start":{"line":29,"column":40},"end":{"line":29,"column":48}}},"6":{"name":"(anonymous_8)","decl":{"start":{"line":30,"column":35},"end":{"line":30,"column":40}},"loc":{"start":{"line":30,"column":40},"end":{"line":30,"column":48}}},"7":{"name":"(anonymous_9)","decl":{"start":{"line":34,"column":4},"end":{"line":34,"column":14}},"loc":{"start":{"line":34,"column":77},"end":{"line":45,"column":5}}},"8":{"name":"(anonymous_10)","decl":{"start":{"line":47,"column":4},"end":{"line":47,"column":12}},"loc":{"start":{"line":47,"column":54},"end":{"line":53,"column":5}}}},"branchMap":{"0":{"loc":{"start":{"line":34,"column":60},"end":{"line":34,"column":null}},"type":"if","locations":[{"start":{"line":34,"column":60},"end":{"line":34,"column":null}},{"start":{"line":34,"column":60},"end":{"line":34,"column":null}}]},"1":{"loc":{"start":{"line":35,"column":8},"end":{"line":35,"column":61}},"type":"if","locations":[{"start":{"line":35,"column":8},"end":{"line":35,"column":61}},{"start":{"line":35,"column":8},"end":{"line":35,"column":61}}]},"2":{"loc":{"start":{"line":37,"column":8},"end":{"line":38,"column":51}},"type":"if","locations":[{"start":{"line":37,"column":8},"end":{"line":38,"column":51}},{"start":{"line":37,"column":8},"end":{"line":38,"column":51}}]},"3":{"loc":{"start":{"line":48,"column":8},"end":{"line":49,"column":24}},"type":"if","locations":[{"start":{"line":48,"column":8},"end":{"line":49,"column":24}},{"start":{"line":48,"column":8},"end":{"line":49,"column":24}}]},"4":{"loc":{"start":{"line":51,"column":15},"end":{"line":51,"column":34}},"type":"binary-expr","locations":[{"start":{"line":51,"column":15},"end":{"line":51,"column":34}},{"start":{"line":52,"column":13},"end":{"line":52,"column":45}},{"start":{"line":52,"column":49},"end":{"line":52,"column":88}}]}},"s":{"0":7,"1":7,"2":7,"3":7,"4":7,"5":7,"6":7,"7":78,"8":78,"9":78,"10":78,"11":78,"12":78,"13":78,"14":78,"15":78,"16":78,"17":78,"18":7,"19":26,"20":26,"21":14,"22":12,"23":7,"24":12,"25":12,"26":12,"27":12,"28":12,"29":7,"30":12,"31":5,"32":7,"33":7},"f":{"0":242,"1":78,"2":78,"3":78,"4":78,"5":78,"6":78,"7":26,"8":12},"b":{"0":[0,26],"1":[14,12],"2":[7,5],"3":[5,7],"4":[7,7,2]}}
,"/home/itai/Documents/programing projects/web/sats-Pass-Manger/backend/src/Mediator/ConcreteMediators.ts": {"path":"/home/itai/Documents/programing projects/web/sats-Pass-Manger/backend/src/Mediator/ConcreteMediators.ts","statementMap":{"0":{"start":{"line":6,"column":0},"end":{"line":6,"column":null}},"1":{"start":{"line":14,"column":8},"end":{"line":14,"column":41}},"2":{"start":{"line":15,"column":8},"end":{"line":15,"column":44}},"3":{"start":{"line":17,"column":8},"end":{"line":17,"column":49}},"4":{"start":{"line":18,"column":8},"end":{"line":18,"column":48}},"5":{"start":{"line":22,"column":17},"end":{"line":25,"column":null}},"6":{"start":{"line":24,"column":15},"end":{"line":24,"column":41}},"7":{"start":{"line":24,"column":8},"end":{"line":24,"column":41}},"8":{"start":{"line":27,"column":18},"end":{"line":30,"column":null}},"9":{"start":{"line":29,"column":15},"end":{"line":29,"column":60}},"10":{"start":{"line":29,"column":8},"end":{"line":29,"column":60}},"11":{"start":{"line":32,"column":18},"end":{"line":35,"column":null}},"12":{"start":{"line":34,"column":16},"end":{"line":34,"column":78}},"13":{"start":{"line":34,"column":8},"end":{"line":34,"column":89}},"14":{"start":{"line":37,"column":0},"end":{"line":37,"column":null}}},"fnMap":{"0":{"name":"(anonymous_13)","decl":{"start":{"line":6,"column":0},"end":{"line":6,"column":null}},"loc":{"start":{"line":6,"column":0},"end":{"line":37,"column":null}}},"1":{"name":"ConcreteMediators","decl":{"start":{"line":12,"column":4},"end":{"line":12,"column":16}},"loc":{"start":{"line":12,"column":73},"end":{"line":19,"column":5}}},"2":{"name":"(anonymous_15)","decl":{"start":{"line":22,"column":4},"end":{"line":22,"column":17}},"loc":{"start":{"line":22,"column":53},"end":{"line":25,"column":null}}},"3":{"name":"(anonymous_18)","decl":{"start":{"line":27,"column":4},"end":{"line":27,"column":18}},"loc":{"start":{"line":27,"column":40},"end":{"line":30,"column":null}}},"4":{"name":"(anonymous_21)","decl":{"start":{"line":32,"column":4},"end":{"line":32,"column":18}},"loc":{"start":{"line":32,"column":42},"end":{"line":35,"column":null}}}},"branchMap":{"0":{"loc":{"start":{"line":24,"column":15},"end":{"line":24,"column":41}},"type":"switch","locations":[{"start":{"line":24,"column":15},"end":{"line":24,"column":41}},{"start":{"line":24,"column":8},"end":{"line":24,"column":41}}]},"1":{"loc":{"start":{"line":29,"column":15},"end":{"line":29,"column":60}},"type":"switch","locations":[{"start":{"line":29,"column":15},"end":{"line":29,"column":60}},{"start":{"line":29,"column":8},"end":{"line":29,"column":60}}]},"2":{"loc":{"start":{"line":34,"column":16},"end":{"line":34,"column":78}},"type":"switch","locations":[{"start":{"line":34,"column":16},"end":{"line":34,"column":78}},{"start":{"line":34,"column":8},"end":{"line":34,"column":89}}]}},"s":{"0":1,"1":39,"2":39,"3":39,"4":39,"5":1,"6":4,"7":4,"8":1,"9":2,"10":2,"11":1,"12":2,"13":2,"14":1},"f":{"0":1,"1":39,"2":4,"3":2,"4":2},"b":{"0":[4,4],"1":[2,2],"2":[2,2]}}
,"/home/itai/Documents/programing projects/web/sats-Pass-Manger/backend/src/business logic/authUseCases.ts": {"path":"/home/itai/Documents/programing projects/web/sats-Pass-Manger/backend/src/business logic/authUseCases.ts","statementMap":{"0":{"start":{"line":1,"column":0},"end":{"line":1,"column":51}},"1":{"start":{"line":2,"column":0},"end":{"line":2,"column":31}},"2":{"start":{"line":5,"column":0},"end":{"line":5,"column":82}},"3":{"start":{"line":7,"column":0},"end":{"line":7,"column":null}},"4":{"start":{"line":14,"column":0},"end":{"line":14,"column":null}},"5":{"start":{"line":18,"column":4},"end":{"line":18,"column":16}},"6":{"start":{"line":23,"column":4},"end":{"line":29,"column":null}},"7":{"start":{"line":23,"column":38},"end":{"line":29,"column":null}},"8":{"start":{"line":24,"column":14},"end":{"line":24,"column":33}},"9":{"start":{"line":26,"column":21},"end":{"line":26,"column":null}},"10":{"start":{"line":26,"column":14},"end":{"line":26,"column":null}},"11":{"start":{"line":28,"column":8},"end":{"line":28,"column":null}},"12":{"start":{"line":32,"column":4},"end":{"line":43,"column":null}},"13":{"start":{"line":32,"column":37},"end":{"line":43,"column":null}},"14":{"start":{"line":33,"column":14},"end":{"line":33,"column":33}},"15":{"start":{"line":34,"column":14},"end":{"line":34,"column":38}},"16":{"start":{"line":36,"column":21},"end":{"line":36,"column":null}},"17":{"start":{"line":36,"column":14},"end":{"line":36,"column":null}},"18":{"start":{"line":38,"column":8},"end":{"line":42,"column":null}},"19":{"start":{"line":39,"column":12},"end":{"line":40,"column":null}},"20":{"start":{"line":42,"column":12},"end":{"line":42,"column":null}},"21":{"start":{"line":45,"column":4},"end":{"line":56,"column":null}},"22":{"start":{"line":45,"column":34},"end":{"line":56,"column":null}},"23":{"start":{"line":46,"column":14},"end":{"line":46,"column":38}},"24":{"start":{"line":48,"column":14},"end":{"line":48,"column":null}},"25":{"start":{"line":49,"column":12},"end":{"line":49,"column":36}},"26":{"start":{"line":51,"column":24},"end":{"line":51,"column":null}},"27":{"start":{"line":51,"column":14},"end":{"line":51,"column":null}},"28":{"start":{"line":53,"column":12},"end":{"line":53,"column":66}},"29":{"start":{"line":55,"column":8},"end":{"line":55,"column":79}},"30":{"start":{"line":58,"column":4},"end":{"line":68,"column":null}},"31":{"start":{"line":58,"column":35},"end":{"line":68,"column":null}},"32":{"start":{"line":59,"column":14},"end":{"line":59,"column":33}},"33":{"start":{"line":61,"column":21},"end":{"line":61,"column":null}},"34":{"start":{"line":61,"column":14},"end":{"line":61,"column":null}},"35":{"start":{"line":63,"column":8},"end":{"line":67,"column":null}},"36":{"start":{"line":64,"column":12},"end":{"line":65,"column":null}},"37":{"start":{"line":67,"column":12},"end":{"line":67,"column":null}},"38":{"start":{"line":71,"column":4},"end":{"line":84,"column":null}},"39":{"start":{"line":71,"column":36},"end":{"line":84,"column":null}},"40":{"start":{"line":72,"column":14},"end":{"line":72,"column":48}},"41":{"start":{"line":74,"column":21},"end":{"line":79,"column":null}},"42":{"start":{"line":74,"column":14},"end":{"line":79,"column":null}},"43":{"start":{"line":81,"column":14},"end":{"line":81,"column":47}},"44":{"start":{"line":83,"column":8},"end":{"line":83,"column":57}},"45":{"start":{"line":86,"column":4},"end":{"line":106,"column":null}},"46":{"start":{"line":86,"column":33},"end":{"line":106,"column":null}},"47":{"start":{"line":87,"column":14},"end":{"line":87,"column":36}},"48":{"start":{"line":89,"column":8},"end":{"line":90,"column":90}},"49":{"start":{"line":90,"column":12},"end":{"line":90,"column":90}},"50":{"start":{"line":92,"column":21},"end":{"line":92,"column":null}},"51":{"start":{"line":92,"column":14},"end":{"line":92,"column":null}},"52":{"start":{"line":94,"column":8},"end":{"line":95,"column":71}},"53":{"start":{"line":95,"column":12},"end":{"line":95,"column":71}},"54":{"start":{"line":97,"column":24},"end":{"line":97,"column":null}},"55":{"start":{"line":97,"column":14},"end":{"line":97,"column":null}},"56":{"start":{"line":99,"column":8},"end":{"line":100,"column":71}},"57":{"start":{"line":100,"column":12},"end":{"line":100,"column":71}},"58":{"start":{"line":103,"column":14},"end":{"line":103,"column":47}},"59":{"start":{"line":105,"column":8},"end":{"line":105,"column":57}},"60":{"start":{"line":108,"column":4},"end":{"line":128,"column":null}},"61":{"start":{"line":108,"column":35},"end":{"line":128,"column":null}},"62":{"start":{"line":111,"column":8},"end":{"line":112,"column":60}},"63":{"start":{"line":112,"column":12},"end":{"line":112,"column":60}},"64":{"start":{"line":114,"column":8},"end":{"line":115,"column":87}},"65":{"start":{"line":115,"column":12},"end":{"line":115,"column":87}},"66":{"start":{"line":119,"column":18},"end":{"line":119,"column":69}},"67":{"start":{"line":120,"column":12},"end":{"line":120,"column":16}},"68":{"start":{"line":120,"column":23},"end":{"line":120,"column":62}},"69":{"start":{"line":120,"column":12},"end":{"line":120,"column":62}},"70":{"start":{"line":122,"column":12},"end":{"line":122,"column":19}},"71":{"start":{"line":124,"column":12},"end":{"line":124,"column":31}},"72":{"start":{"line":126,"column":12},"end":{"line":126,"column":87}},"73":{"start":{"line":130,"column":4},"end":{"line":136,"column":null}},"74":{"start":{"line":130,"column":17},"end":{"line":130,"column":25}},"75":{"start":{"line":131,"column":8},"end":{"line":135,"column":null}},"76":{"start":{"line":132,"column":12},"end":{"line":133,"column":105}},"77":{"start":{"line":133,"column":16},"end":{"line":133,"column":105}},"78":{"start":{"line":134,"column":12},"end":{"line":134,"column":19}},"79":{"start":{"line":20,"column":8},"end":{"line":20,"column":21}},"80":{"start":{"line":137,"column":0},"end":{"line":137,"column":null}}},"fnMap":{"0":{"name":"(anonymous_14)","decl":{"start":{"line":14,"column":0},"end":{"line":14,"column":null}},"loc":{"start":{"line":14,"column":0},"end":{"line":137,"column":null}}},"1":{"name":"authLogic","decl":{"start":{"line":18,"column":4},"end":{"line":18,"column":16}},"loc":{"start":{"line":18,"column":18},"end":{"line":21,"column":5}}},"2":{"name":"(anonymous_16)","decl":{"start":{"line":23,"column":23},"end":{"line":23,"column":30}},"loc":{"start":{"line":23,"column":38},"end":{"line":29,"column":null}}},"3":{"name":"(anonymous_17)","decl":{"start":{"line":23,"column":38},"end":{"line":23,"column":null}},"loc":{"start":{"line":23,"column":38},"end":{"line":29,"column":null}}},"4":{"name":"(anonymous_19)","decl":{"start":{"line":32,"column":22},"end":{"line":32,"column":29}},"loc":{"start":{"line":32,"column":37},"end":{"line":43,"column":null}}},"5":{"name":"(anonymous_20)","decl":{"start":{"line":32,"column":37},"end":{"line":32,"column":null}},"loc":{"start":{"line":32,"column":37},"end":{"line":43,"column":null}}},"6":{"name":"(anonymous_22)","decl":{"start":{"line":45,"column":18},"end":{"line":45,"column":25}},"loc":{"start":{"line":45,"column":34},"end":{"line":56,"column":null}}},"7":{"name":"(anonymous_23)","decl":{"start":{"line":45,"column":34},"end":{"line":45,"column":null}},"loc":{"start":{"line":45,"column":34},"end":{"line":56,"column":null}}},"8":{"name":"(anonymous_25)","decl":{"start":{"line":58,"column":20},"end":{"line":58,"column":27}},"loc":{"start":{"line":58,"column":35},"end":{"line":68,"column":null}}},"9":{"name":"(anonymous_26)","decl":{"start":{"line":58,"column":35},"end":{"line":58,"column":null}},"loc":{"start":{"line":58,"column":35},"end":{"line":68,"column":null}}},"10":{"name":"(anonymous_28)","decl":{"start":{"line":71,"column":15},"end":{"line":71,"column":22}},"loc":{"start":{"line":71,"column":36},"end":{"line":84,"column":null}}},"11":{"name":"(anonymous_29)","decl":{"start":{"line":71,"column":36},"end":{"line":71,"column":null}},"loc":{"start":{"line":71,"column":36},"end":{"line":84,"column":null}}},"12":{"name":"(anonymous_31)","decl":{"start":{"line":86,"column":12},"end":{"line":86,"column":19}},"loc":{"start":{"line":86,"column":33},"end":{"line":106,"column":null}}},"13":{"name":"(anonymous_32)","decl":{"start":{"line":86,"column":33},"end":{"line":86,"column":null}},"loc":{"start":{"line":86,"column":33},"end":{"line":106,"column":null}}},"14":{"name":"(anonymous_34)","decl":{"start":{"line":108,"column":14},"end":{"line":108,"column":21}},"loc":{"start":{"line":108,"column":35},"end":{"line":128,"column":null}}},"15":{"name":"(anonymous_35)","decl":{"start":{"line":108,"column":35},"end":{"line":108,"column":null}},"loc":{"start":{"line":108,"column":35},"end":{"line":128,"column":null}}},"16":{"name":"(anonymous_37)","decl":{"start":{"line":130,"column":16},"end":{"line":130,"column":17}},"loc":{"start":{"line":130,"column":16},"end":{"line":136,"column":5}}},"17":{"name":"(anonymous_38)","decl":{"start":{"line":131,"column":15},"end":{"line":131,"column":16}},"loc":{"start":{"line":131,"column":30},"end":{"line":135,"column":9}}}},"branchMap":{"0":{"loc":{"start":{"line":38,"column":8},"end":{"line":42,"column":null}},"type":"if","locations":[{"start":{"line":38,"column":8},"end":{"line":42,"column":null}},{"start":{"line":38,"column":8},"end":{"line":42,"column":null}}]},"1":{"loc":{"start":{"line":46,"column":22},"end":{"line":46,"column":31}},"type":"binary-expr","locations":[{"start":{"line":46,"column":22},"end":{"line":46,"column":31}},{"start":{"line":46,"column":35},"end":{"line":46,"column":37}}]},"2":{"loc":{"start":{"line":63,"column":8},"end":{"line":67,"column":null}},"type":"if","locations":[{"start":{"line":63,"column":8},"end":{"line":67,"column":null}},{"start":{"line":63,"column":8},"end":{"line":67,"column":null}}]},"3":{"loc":{"start":{"line":89,"column":8},"end":{"line":90,"column":90}},"type":"if","locations":[{"start":{"line":89,"column":8},"end":{"line":90,"column":90}},{"start":{"line":89,"column":8},"end":{"line":90,"column":90}}]},"4":{"loc":{"start":{"line":89,"column":11},"end":{"line":89,"column":17}},"type":"binary-expr","locations":[{"start":{"line":89,"column":11},"end":{"line":89,"column":17}},{"start":{"line":89,"column":21},"end":{"line":89,"column":30}}]},"5":{"loc":{"start":{"line":94,"column":8},"end":{"line":95,"column":71}},"type":"if","locations":[{"start":{"line":94,"column":8},"end":{"line":95,"column":71}},{"start":{"line":94,"column":8},"end":{"line":95,"column":71}}]},"6":{"loc":{"start":{"line":99,"column":8},"end":{"line":100,"column":71}},"type":"if","locations":[{"start":{"line":99,"column":8},"end":{"line":100,"column":71}},{"start":{"line":99,"column":8},"end":{"line":100,"column":71}}]},"7":{"loc":{"start":{"line":111,"column":8},"end":{"line":112,"column":60}},"type":"if","locations":[{"start":{"line":111,"column":8},"end":{"line":112,"column":60}},{"start":{"line":111,"column":8},"end":{"line":112,"column":60}}]},"8":{"loc":{"start":{"line":111,"column":11},"end":{"line":111,"column":36}},"type":"binary-expr","locations":[{"start":{"line":111,"column":11},"end":{"line":111,"column":36}},{"start":{"line":111,"column":40},"end":{"line":111,"column":86}}]},"9":{"loc":{"start":{"line":114,"column":8},"end":{"line":115,"column":87}},"type":"if","locations":[{"start":{"line":114,"column":8},"end":{"line":115,"column":87}},{"start":{"line":114,"column":8},"end":{"line":115,"column":87}}]},"10":{"loc":{"start":{"line":132,"column":12},"end":{"line":133,"column":105}},"type":"if","locations":[{"start":{"line":132,"column":12},"end":{"line":133,"column":105}},{"start":{"line":132,"column":12},"end":{"line":133,"column":105}}]}},"s":{"0":1,"1":1,"2":1,"3":1,"4":1,"5":39,"6":39,"7":1,"8":1,"9":1,"10":1,"11":1,"12":39,"13":1,"14":1,"15":1,"16":1,"17":1,"18":1,"19":0,"20":1,"21":39,"22":1,"23":1,"24":1,"25":1,"26":1,"27":1,"28":1,"29":1,"30":39,"31":3,"32":3,"33":3,"34":3,"35":3,"36":2,"37":1,"38":39,"39":11,"40":11,"41":11,"42":11,"43":11,"44":11,"45":39,"46":4,"47":4,"48":4,"49":1,"50":3,"51":3,"52":3,"53":1,"54":2,"55":2,"56":2,"57":1,"58":1,"59":1,"60":39,"61":3,"62":3,"63":2,"64":3,"65":1,"66":2,"67":2,"68":2,"69":2,"70":2,"71":1,"72":1,"73":39,"74":8,"75":2,"76":2,"77":1,"78":1,"79":39,"80":1},"f":{"0":1,"1":39,"2":1,"3":1,"4":1,"5":1,"6":1,"7":1,"8":3,"9":3,"10":11,"11":11,"12":4,"13":4,"14":3,"15":3,"16":2,"17":2},"b":{"0":[0,1],"1":[1,1],"2":[2,1],"3":[1,3],"4":[4,3],"5":[1,2],"6":[1,1],"7":[2,1],"8":[3,2],"9":[1,2],"10":[1,1]}}
,"/home/itai/Documents/programing projects/web/sats-Pass-Manger/backend/src/business logic/passesUseCases.ts": {"path":"/home/itai/Documents/programing projects/web/sats-Pass-Manger/backend/src/business logic/passesUseCases.ts","statementMap":{"0":{"start":{"line":1,"column":0},"end":{"line":1,"column":51}},"1":{"start":{"line":4,"column":0},"end":{"line":4,"column":82}},"2":{"start":{"line":6,"column":0},"end":{"line":6,"column":null}},"3":{"start":{"line":12,"column":0},"end":{"line":12,"column":54}},"4":{"start":{"line":14,"column":0},"end":{"line":14,"column":null}},"5":{"start":{"line":14,"column":39},"end":{"line":14,"column":52}},"6":{"start":{"line":21,"column":8},"end":{"line":21,"column":null}},"7":{"start":{"line":25,"column":4},"end":{"line":36,"column":null}},"8":{"start":{"line":25,"column":35},"end":{"line":36,"column":null}},"9":{"start":{"line":26,"column":14},"end":{"line":26,"column":33}},"10":{"start":{"line":28,"column":21},"end":{"line":28,"column":null}},"11":{"start":{"line":28,"column":14},"end":{"line":28,"column":null}},"12":{"start":{"line":30,"column":8},"end":{"line":34,"column":null}},"13":{"start":{"line":31,"column":12},"end":{"line":32,"column":null}},"14":{"start":{"line":34,"column":12},"end":{"line":34,"column":null}},"15":{"start":{"line":38,"column":4},"end":{"line":49,"column":null}},"16":{"start":{"line":38,"column":35},"end":{"line":49,"column":null}},"17":{"start":{"line":39,"column":14},"end":{"line":39,"column":38}},"18":{"start":{"line":41,"column":14},"end":{"line":41,"column":null}},"19":{"start":{"line":42,"column":12},"end":{"line":42,"column":36}},"20":{"start":{"line":44,"column":24},"end":{"line":44,"column":null}},"21":{"start":{"line":44,"column":14},"end":{"line":44,"column":null}},"22":{"start":{"line":46,"column":12},"end":{"line":46,"column":66}},"23":{"start":{"line":48,"column":8},"end":{"line":48,"column":79}},"24":{"start":{"line":51,"column":4},"end":{"line":68,"column":null}},"25":{"start":{"line":51,"column":36},"end":{"line":68,"column":null}},"26":{"start":{"line":52,"column":14},"end":{"line":52,"column":33}},"27":{"start":{"line":53,"column":14},"end":{"line":58,"column":21}},"28":{"start":{"line":60,"column":8},"end":{"line":64,"column":null}},"29":{"start":{"line":62,"column":12},"end":{"line":62,"column":88}},"30":{"start":{"line":63,"column":12},"end":{"line":63,"column":19}},"31":{"start":{"line":66,"column":28},"end":{"line":66,"column":null}},"32":{"start":{"line":66,"column":14},"end":{"line":66,"column":null}},"33":{"start":{"line":67,"column":8},"end":{"line":67,"column":63}},"34":{"start":{"line":70,"column":4},"end":{"line":91,"column":null}},"35":{"start":{"line":70,"column":48},"end":{"line":91,"column":null}},"36":{"start":{"line":71,"column":14},"end":{"line":71,"column":33}},"37":{"start":{"line":72,"column":14},"end":{"line":77,"column":21}},"38":{"start":{"line":79,"column":8},"end":{"line":83,"column":null}},"39":{"start":{"line":81,"column":12},"end":{"line":81,"column":null}},"40":{"start":{"line":82,"column":12},"end":{"line":82,"column":19}},"41":{"start":{"line":86,"column":32},"end":{"line":86,"column":null}},"42":{"start":{"line":86,"column":18},"end":{"line":86,"column":null}},"43":{"start":{"line":87,"column":12},"end":{"line":87,"column":67}},"44":{"start":{"line":89,"column":12},"end":{"line":89,"column":24}},"45":{"start":{"line":22,"column":8},"end":{"line":22,"column":21}},"46":{"start":{"line":93,"column":10},"end":{"line":98,"column":null}},"47":{"start":{"line":95,"column":8},"end":{"line":95,"column":41}},"48":{"start":{"line":96,"column":12},"end":{"line":96,"column":null}},"49":{"start":{"line":97,"column":8},"end":{"line":97,"column":25}},"50":{"start":{"line":100,"column":10},"end":{"line":104,"column":null}},"51":{"start":{"line":102,"column":22},"end":{"line":102,"column":61}},"52":{"start":{"line":102,"column":14},"end":{"line":102,"column":null}},"53":{"start":{"line":103,"column":8},"end":{"line":103,"column":20}},"54":{"start":{"line":106,"column":12},"end":{"line":112,"column":null}},"55":{"start":{"line":108,"column":8},"end":{"line":108,"column":75}},"56":{"start":{"line":108,"column":62},"end":{"line":108,"column":75}},"57":{"start":{"line":109,"column":8},"end":{"line":109,"column":89}},"58":{"start":{"line":109,"column":76},"end":{"line":109,"column":89}},"59":{"start":{"line":110,"column":8},"end":{"line":110,"column":91}},"60":{"start":{"line":110,"column":78},"end":{"line":110,"column":91}},"61":{"start":{"line":111,"column":8},"end":{"line":111,"column":20}},"62":{"start":{"line":114,"column":12},"end":{"line":117,"column":null}},"63":{"start":{"line":115,"column":8},"end":{"line":115,"column":109}},"64":{"start":{"line":115,"column":96},"end":{"line":115,"column":109}},"65":{"start":{"line":116,"column":8},"end":{"line":116,"column":20}},"66":{"start":{"line":118,"column":0},"end":{"line":118,"column":null}}},"fnMap":{"0":{"name":"(anonymous_20)","decl":{"start":{"line":14,"column":0},"end":{"line":14,"column":39}},"loc":{"start":{"line":14,"column":0},"end":{"line":118,"column":null}}},"1":{"name":"passLogic","decl":{"start":{"line":19,"column":4},"end":{"line":19,"column":16}},"loc":{"start":{"line":19,"column":34},"end":{"line":23,"column":5}}},"2":{"name":"(anonymous_22)","decl":{"start":{"line":25,"column":20},"end":{"line":25,"column":27}},"loc":{"start":{"line":25,"column":35},"end":{"line":36,"column":null}}},"3":{"name":"(anonymous_23)","decl":{"start":{"line":25,"column":35},"end":{"line":25,"column":null}},"loc":{"start":{"line":25,"column":35},"end":{"line":36,"column":null}}},"4":{"name":"(anonymous_25)","decl":{"start":{"line":38,"column":20},"end":{"line":38,"column":27}},"loc":{"start":{"line":38,"column":35},"end":{"line":49,"column":null}}},"5":{"name":"(anonymous_26)","decl":{"start":{"line":38,"column":35},"end":{"line":38,"column":null}},"loc":{"start":{"line":38,"column":35},"end":{"line":49,"column":null}}},"6":{"name":"(anonymous_28)","decl":{"start":{"line":51,"column":21},"end":{"line":51,"column":28}},"loc":{"start":{"line":51,"column":36},"end":{"line":68,"column":null}}},"7":{"name":"(anonymous_29)","decl":{"start":{"line":51,"column":36},"end":{"line":51,"column":null}},"loc":{"start":{"line":51,"column":36},"end":{"line":68,"column":null}}},"8":{"name":"(anonymous_31)","decl":{"start":{"line":70,"column":27},"end":{"line":70,"column":34}},"loc":{"start":{"line":70,"column":48},"end":{"line":91,"column":null}}},"9":{"name":"(anonymous_32)","decl":{"start":{"line":70,"column":48},"end":{"line":70,"column":null}},"loc":{"start":{"line":70,"column":48},"end":{"line":91,"column":null}}},"10":{"name":"(anonymous_34)","decl":{"start":{"line":93,"column":4},"end":{"line":93,"column":10}},"loc":{"start":{"line":93,"column":34},"end":{"line":98,"column":null}}},"11":{"name":"(anonymous_37)","decl":{"start":{"line":100,"column":4},"end":{"line":100,"column":10}},"loc":{"start":{"line":100,"column":43},"end":{"line":104,"column":null}}},"12":{"name":"(anonymous_40)","decl":{"start":{"line":106,"column":4},"end":{"line":106,"column":12}},"loc":{"start":{"line":106,"column":47},"end":{"line":112,"column":5}}},"13":{"name":"(anonymous_41)","decl":{"start":{"line":114,"column":4},"end":{"line":114,"column":12}},"loc":{"start":{"line":114,"column":56},"end":{"line":117,"column":5}}}},"branchMap":{"0":{"loc":{"start":{"line":21,"column":8},"end":{"line":21,"column":15}},"type":"binary-expr","locations":[{"start":{"line":21,"column":8},"end":{"line":21,"column":15}},{"start":{"line":21,"column":15},"end":{"line":21,"column":null}}]},"1":{"loc":{"start":{"line":30,"column":8},"end":{"line":34,"column":null}},"type":"if","locations":[{"start":{"line":30,"column":8},"end":{"line":34,"column":null}},{"start":{"line":30,"column":8},"end":{"line":34,"column":null}}]},"2":{"loc":{"start":{"line":39,"column":22},"end":{"line":39,"column":31}},"type":"binary-expr","locations":[{"start":{"line":39,"column":22},"end":{"line":39,"column":31}},{"start":{"line":39,"column":35},"end":{"line":39,"column":37}}]},"3":{"loc":{"start":{"line":60,"column":8},"end":{"line":64,"column":null}},"type":"if","locations":[{"start":{"line":60,"column":8},"end":{"line":64,"column":null}},{"start":{"line":60,"column":8},"end":{"line":64,"column":null}}]},"4":{"loc":{"start":{"line":79,"column":8},"end":{"line":83,"column":null}},"type":"if","locations":[{"start":{"line":79,"column":8},"end":{"line":83,"column":null}},{"start":{"line":79,"column":8},"end":{"line":83,"column":null}}]},"5":{"loc":{"start":{"line":95,"column":8},"end":{"line":95,"column":41}},"type":"switch","locations":[{"start":{"line":95,"column":8},"end":{"line":95,"column":41}}]},"6":{"loc":{"start":{"line":102,"column":22},"end":{"line":102,"column":61}},"type":"switch","locations":[{"start":{"line":102,"column":22},"end":{"line":102,"column":61}}]},"7":{"loc":{"start":{"line":102,"column":22},"end":{"line":102,"column":28}},"type":"binary-expr","locations":[{"start":{"line":102,"column":22},"end":{"line":102,"column":28}},{"start":{"line":102,"column":65},"end":{"line":102,"column":88}}]},"8":{"loc":{"start":{"line":108,"column":8},"end":{"line":108,"column":75}},"type":"if","locations":[{"start":{"line":108,"column":8},"end":{"line":108,"column":75}},{"start":{"line":108,"column":8},"end":{"line":108,"column":75}}]},"9":{"loc":{"start":{"line":108,"column":11},"end":{"line":108,"column":37}},"type":"binary-expr","locations":[{"start":{"line":108,"column":11},"end":{"line":108,"column":37}},{"start":{"line":108,"column":41},"end":{"line":108,"column":60}}]},"10":{"loc":{"start":{"line":109,"column":8},"end":{"line":109,"column":89}},"type":"if","locations":[{"start":{"line":109,"column":8},"end":{"line":109,"column":89}},{"start":{"line":109,"column":8},"end":{"line":109,"column":89}}]},"11":{"loc":{"start":{"line":109,"column":11},"end":{"line":109,"column":44}},"type":"binary-expr","locations":[{"start":{"line":109,"column":11},"end":{"line":109,"column":44}},{"start":{"line":109,"column":48},"end":{"line":109,"column":74}}]},"12":{"loc":{"start":{"line":110,"column":8},"end":{"line":110,"column":91}},"type":"if","locations":[{"start":{"line":110,"column":8},"end":{"line":110,"column":91}},{"start":{"line":110,"column":8},"end":{"line":110,"column":91}}]},"13":{"loc":{"start":{"line":110,"column":11},"end":{"line":110,"column":45}},"type":"binary-expr","locations":[{"start":{"line":110,"column":11},"end":{"line":110,"column":45}},{"start":{"line":110,"column":49},"end":{"line":110,"column":76}}]},"14":{"loc":{"start":{"line":115,"column":8},"end":{"line":115,"column":109}},"type":"if","locations":[{"start":{"line":115,"column":8},"end":{"line":115,"column":109}},{"start":{"line":115,"column":8},"end":{"line":115,"column":109}}]},"15":{"loc":{"start":{"line":115,"column":11},"end":{"line":115,"column":54}},"type":"binary-expr","locations":[{"start":{"line":115,"column":11},"end":{"line":115,"column":54}},{"start":{"line":115,"column":58},"end":{"line":115,"column":94}}]}},"s":{"0":1,"1":1,"2":1,"3":1,"4":1,"5":1,"6":39,"7":39,"8":2,"9":2,"10":2,"11":2,"12":2,"13":1,"14":1,"15":39,"16":2,"17":2,"18":2,"19":2,"20":2,"21":2,"22":2,"23":2,"24":39,"25":2,"26":2,"27":2,"28":2,"29":1,"30":1,"31":1,"32":1,"33":1,"34":39,"35":2,"36":2,"37":2,"38":2,"39":1,"40":1,"41":1,"42":1,"43":1,"44":0,"45":39,"46":1,"47":4,"48":2,"49":2,"50":1,"51":2,"52":2,"53":2,"54":1,"55":2,"56":1,"57":1,"58":0,"59":1,"60":0,"61":1,"62":1,"63":2,"64":1,"65":1,"66":1},"f":{"0":1,"1":39,"2":2,"3":2,"4":2,"5":2,"6":2,"7":2,"8":2,"9":2,"10":2,"11":2,"12":2,"13":2},"b":{"0":[39,39],"1":[1,1],"2":[2,1],"3":[1,1],"4":[1,1],"5":[2],"6":[2],"7":[2,2],"8":[1,1],"9":[2,1],"10":[0,1],"11":[1,1],"12":[0,1],"13":[1,1],"14":[1,1],"15":[2,1]}}
,"/home/itai/Documents/programing projects/web/sats-Pass-Manger/backend/src/business logic/satelliteUseCases.ts": {"path":"/home/itai/Documents/programing projects/web/sats-Pass-Manger/backend/src/business logic/satelliteUseCases.ts","statementMap":{"0":{"start":{"line":4,"column":0},"end":{"line":4,"column":81}},"1":{"start":{"line":6,"column":0},"end":{"line":6,"column":55}},"2":{"start":{"line":7,"column":0},"end":{"line":7,"column":62}},"3":{"start":{"line":8,"column":0},"end":{"line":8,"column":null}},"4":{"start":{"line":14,"column":0},"end":{"line":14,"column":54}},"5":{"start":{"line":16,"column":0},"end":{"line":16,"column":null}},"6":{"start":{"line":16,"column":44},"end":{"line":16,"column":57}},"7":{"start":{"line":22,"column":8},"end":{"line":22,"column":null}},"8":{"start":{"line":27,"column":4},"end":{"line":38,"column":null}},"9":{"start":{"line":27,"column":40},"end":{"line":38,"column":null}},"10":{"start":{"line":28,"column":14},"end":{"line":28,"column":33}},"11":{"start":{"line":30,"column":26},"end":{"line":30,"column":null}},"12":{"start":{"line":30,"column":14},"end":{"line":30,"column":null}},"13":{"start":{"line":32,"column":8},"end":{"line":36,"column":null}},"14":{"start":{"line":33,"column":12},"end":{"line":34,"column":null}},"15":{"start":{"line":36,"column":12},"end":{"line":36,"column":null}},"16":{"start":{"line":41,"column":4},"end":{"line":51,"column":null}},"17":{"start":{"line":41,"column":38},"end":{"line":51,"column":null}},"18":{"start":{"line":42,"column":14},"end":{"line":42,"column":32}},"19":{"start":{"line":44,"column":14},"end":{"line":44,"column":null}},"20":{"start":{"line":45,"column":14},"end":{"line":45,"column":38}},"21":{"start":{"line":47,"column":30},"end":{"line":47,"column":null}},"22":{"start":{"line":47,"column":14},"end":{"line":47,"column":null}},"23":{"start":{"line":48,"column":12},"end":{"line":48,"column":72}},"24":{"start":{"line":50,"column":8},"end":{"line":50,"column":85}},"25":{"start":{"line":53,"column":4},"end":{"line":62,"column":null}},"26":{"start":{"line":53,"column":45},"end":{"line":62,"column":null}},"27":{"start":{"line":54,"column":14},"end":{"line":54,"column":44}},"28":{"start":{"line":56,"column":38},"end":{"line":56,"column":null}},"29":{"start":{"line":56,"column":18},"end":{"line":56,"column":null}},"30":{"start":{"line":58,"column":12},"end":{"line":58,"column":null}},"31":{"start":{"line":60,"column":12},"end":{"line":60,"column":24}},"32":{"start":{"line":65,"column":4},"end":{"line":76,"column":null}},"33":{"start":{"line":65,"column":48},"end":{"line":76,"column":null}},"34":{"start":{"line":66,"column":14},"end":{"line":66,"column":33}},"35":{"start":{"line":67,"column":14},"end":{"line":67,"column":38}},"36":{"start":{"line":69,"column":38},"end":{"line":69,"column":null}},"37":{"start":{"line":69,"column":18},"end":{"line":69,"column":null}},"38":{"start":{"line":71,"column":12},"end":{"line":71,"column":null}},"39":{"start":{"line":74,"column":12},"end":{"line":74,"column":24}},"40":{"start":{"line":79,"column":4},"end":{"line":86,"column":null}},"41":{"start":{"line":79,"column":43},"end":{"line":86,"column":null}},"42":{"start":{"line":80,"column":14},"end":{"line":80,"column":33}},"43":{"start":{"line":82,"column":8},"end":{"line":82,"column":48}},"44":{"start":{"line":84,"column":8},"end":{"line":84,"column":null}},"45":{"start":{"line":88,"column":4},"end":{"line":105,"column":null}},"46":{"start":{"line":88,"column":52},"end":{"line":105,"column":null}},"47":{"start":{"line":89,"column":14},"end":{"line":89,"column":33}},"48":{"start":{"line":91,"column":24},"end":{"line":91,"column":79}},"49":{"start":{"line":91,"column":12},"end":{"line":91,"column":null}},"50":{"start":{"line":92,"column":8},"end":{"line":92,"column":61}},"51":{"start":{"line":94,"column":12},"end":{"line":94,"column":50}},"52":{"start":{"line":96,"column":26},"end":{"line":96,"column":null}},"53":{"start":{"line":96,"column":14},"end":{"line":96,"column":null}},"54":{"start":{"line":98,"column":18},"end":{"line":98,"column":null}},"55":{"start":{"line":98,"column":12},"end":{"line":98,"column":null}},"56":{"start":{"line":100,"column":26},"end":{"line":100,"column":null}},"57":{"start":{"line":100,"column":14},"end":{"line":100,"column":null}},"58":{"start":{"line":102,"column":23},"end":{"line":102,"column":null}},"59":{"start":{"line":102,"column":14},"end":{"line":102,"column":null}},"60":{"start":{"line":104,"column":8},"end":{"line":104,"column":58}},"61":{"start":{"line":107,"column":4},"end":{"line":126,"column":null}},"62":{"start":{"line":107,"column":55},"end":{"line":126,"column":null}},"63":{"start":{"line":108,"column":25},"end":{"line":108,"column":null}},"64":{"start":{"line":108,"column":14},"end":{"line":108,"column":null}},"65":{"start":{"line":109,"column":12},"end":{"line":109,"column":24}},"66":{"start":{"line":110,"column":27},"end":{"line":110,"column":null}},"67":{"start":{"line":110,"column":23},"end":{"line":110,"column":null}},"68":{"start":{"line":110,"column":16},"end":{"line":110,"column":23}},"69":{"start":{"line":112,"column":28},"end":{"line":112,"column":88}},"70":{"start":{"line":112,"column":16},"end":{"line":112,"column":null}},"71":{"start":{"line":113,"column":12},"end":{"line":113,"column":65}},"72":{"start":{"line":115,"column":16},"end":{"line":115,"column":54}},"73":{"start":{"line":117,"column":24},"end":{"line":117,"column":null}},"74":{"start":{"line":117,"column":18},"end":{"line":117,"column":null}},"75":{"start":{"line":119,"column":30},"end":{"line":119,"column":null}},"76":{"start":{"line":119,"column":18},"end":{"line":119,"column":null}},"77":{"start":{"line":121,"column":12},"end":{"line":121,"column":24}},"78":{"start":{"line":121,"column":24},"end":{"line":121,"column":81}},"79":{"start":{"line":121,"column":12},"end":{"line":121,"column":82}},"80":{"start":{"line":125,"column":8},"end":{"line":125,"column":null}},"81":{"start":{"line":23,"column":8},"end":{"line":23,"column":21}},"82":{"start":{"line":128,"column":18},"end":{"line":141,"column":null}},"83":{"start":{"line":132,"column":18},"end":{"line":132,"column":57}},"84":{"start":{"line":132,"column":12},"end":{"line":132,"column":57}},"85":{"start":{"line":133,"column":12},"end":{"line":133,"column":67}},"86":{"start":{"line":137,"column":12},"end":{"line":137,"column":27}},"87":{"start":{"line":138,"column":12},"end":{"line":138,"column":32}},"88":{"start":{"line":140,"column":8},"end":{"line":140,"column":19}},"89":{"start":{"line":142,"column":0},"end":{"line":142,"column":null}}},"fnMap":{"0":{"name":"(anonymous_20)","decl":{"start":{"line":16,"column":0},"end":{"line":16,"column":44}},"loc":{"start":{"line":16,"column":0},"end":{"line":142,"column":null}}},"1":{"name":"satelliteLogic","decl":{"start":{"line":20,"column":4},"end":{"line":20,"column":16}},"loc":{"start":{"line":20,"column":38},"end":{"line":24,"column":5}}},"2":{"name":"(anonymous_22)","decl":{"start":{"line":27,"column":25},"end":{"line":27,"column":32}},"loc":{"start":{"line":27,"column":40},"end":{"line":38,"column":null}}},"3":{"name":"(anonymous_23)","decl":{"start":{"line":27,"column":40},"end":{"line":27,"column":null}},"loc":{"start":{"line":27,"column":40},"end":{"line":38,"column":null}}},"4":{"name":"(anonymous_25)","decl":{"start":{"line":41,"column":23},"end":{"line":41,"column":30}},"loc":{"start":{"line":41,"column":38},"end":{"line":51,"column":null}}},"5":{"name":"(anonymous_26)","decl":{"start":{"line":41,"column":38},"end":{"line":41,"column":null}},"loc":{"start":{"line":41,"column":38},"end":{"line":51,"column":null}}},"6":{"name":"(anonymous_28)","decl":{"start":{"line":53,"column":23},"end":{"line":53,"column":30}},"loc":{"start":{"line":53,"column":45},"end":{"line":62,"column":null}}},"7":{"name":"(anonymous_29)","decl":{"start":{"line":53,"column":45},"end":{"line":53,"column":null}},"loc":{"start":{"line":53,"column":45},"end":{"line":62,"column":null}}},"8":{"name":"(anonymous_31)","decl":{"start":{"line":65,"column":27},"end":{"line":65,"column":34}},"loc":{"start":{"line":65,"column":48},"end":{"line":76,"column":null}}},"9":{"name":"(anonymous_32)","decl":{"start":{"line":65,"column":48},"end":{"line":65,"column":null}},"loc":{"start":{"line":65,"column":48},"end":{"line":76,"column":null}}},"10":{"name":"(anonymous_34)","decl":{"start":{"line":79,"column":28},"end":{"line":79,"column":35}},"loc":{"start":{"line":79,"column":43},"end":{"line":86,"column":null}}},"11":{"name":"(anonymous_35)","decl":{"start":{"line":79,"column":43},"end":{"line":79,"column":null}},"loc":{"start":{"line":79,"column":43},"end":{"line":86,"column":null}}},"12":{"name":"(anonymous_37)","decl":{"start":{"line":88,"column":37},"end":{"line":88,"column":44}},"loc":{"start":{"line":88,"column":52},"end":{"line":105,"column":null}}},"13":{"name":"(anonymous_38)","decl":{"start":{"line":88,"column":52},"end":{"line":88,"column":null}},"loc":{"start":{"line":88,"column":52},"end":{"line":105,"column":null}}},"14":{"name":"(anonymous_40)","decl":{"start":{"line":107,"column":40},"end":{"line":107,"column":47}},"loc":{"start":{"line":107,"column":55},"end":{"line":126,"column":null}}},"15":{"name":"(anonymous_41)","decl":{"start":{"line":107,"column":55},"end":{"line":107,"column":null}},"loc":{"start":{"line":107,"column":55},"end":{"line":126,"column":null}}},"16":{"name":"(anonymous_43)","decl":{"start":{"line":128,"column":4},"end":{"line":128,"column":18}},"loc":{"start":{"line":128,"column":34},"end":{"line":141,"column":null}}}},"branchMap":{"0":{"loc":{"start":{"line":22,"column":8},"end":{"line":22,"column":15}},"type":"binary-expr","locations":[{"start":{"line":22,"column":8},"end":{"line":22,"column":15}},{"start":{"line":22,"column":15},"end":{"line":22,"column":null}}]},"1":{"loc":{"start":{"line":32,"column":8},"end":{"line":36,"column":null}},"type":"if","locations":[{"start":{"line":32,"column":8},"end":{"line":36,"column":null}},{"start":{"line":32,"column":8},"end":{"line":36,"column":null}}]},"2":{"loc":{"start":{"line":91,"column":24},"end":{"line":91,"column":30}},"type":"binary-expr","locations":[{"start":{"line":91,"column":24},"end":{"line":91,"column":30}},{"start":{"line":91,"column":79},"end":{"line":91,"column":89}}]},"3":{"loc":{"start":{"line":108,"column":25},"end":{"line":108,"column":null}},"type":"switch","locations":[{"start":{"line":108,"column":25},"end":{"line":108,"column":null}}]},"4":{"loc":{"start":{"line":110,"column":23},"end":{"line":110,"column":null}},"type":"if","locations":[{"start":{"line":110,"column":23},"end":{"line":110,"column":null}},{"start":{"line":110,"column":23},"end":{"line":110,"column":null}}]},"5":{"loc":{"start":{"line":112,"column":28},"end":{"line":112,"column":34}},"type":"binary-expr","locations":[{"start":{"line":112,"column":28},"end":{"line":112,"column":34}},{"start":{"line":112,"column":88},"end":{"line":112,"column":98}}]},"6":{"loc":{"start":{"line":140,"column":8},"end":{"line":140,"column":19}},"type":"switch","locations":[{"start":{"line":140,"column":8},"end":{"line":140,"column":19}}]}},"s":{"0":1,"1":1,"2":1,"3":1,"4":1,"5":1,"6":1,"7":39,"8":39,"9":4,"10":4,"11":4,"12":4,"13":4,"14":2,"15":2,"16":39,"17":1,"18":1,"19":1,"20":1,"21":1,"22":1,"23":1,"24":1,"25":39,"26":1,"27":1,"28":1,"29":1,"30":1,"31":0,"32":39,"33":1,"34":1,"35":1,"36":1,"37":1,"38":1,"39":0,"40":39,"41":1,"42":1,"43":2,"44":1,"45":39,"46":1,"47":1,"48":1,"49":1,"50":1,"51":1,"52":1,"53":1,"54":1,"55":1,"56":1,"57":1,"58":1,"59":1,"60":1,"61":39,"62":1,"63":1,"64":1,"65":1,"66":2,"67":3,"68":1,"69":1,"70":1,"71":1,"72":1,"73":1,"74":1,"75":1,"76":1,"77":1,"78":1,"79":1,"80":1,"81":39,"82":1,"83":2,"84":2,"85":2,"86":0,"87":0,"88":2,"89":1},"f":{"0":1,"1":39,"2":4,"3":4,"4":1,"5":1,"6":1,"7":1,"8":1,"9":1,"10":1,"11":1,"12":1,"13":1,"14":1,"15":1,"16":2},"b":{"0":[39,39],"1":[2,2],"2":[1,0],"3":[1],"4":[1,1],"5":[1,0],"6":[2]}}
,"/home/itai/Documents/programing projects/web/sats-Pass-Manger/backend/src/business logic/testsUseCases.ts": {"path":"/home/itai/Documents/programing projects/web/sats-Pass-Manger/backend/src/business logic/testsUseCases.ts","statementMap":{"0":{"start":{"line":4,"column":0},"end":{"line":4,"column":82}},"1":{"start":{"line":6,"column":0},"end":{"line":6,"column":null}},"2":{"start":{"line":12,"column":0},"end":{"line":12,"column":null}},"3":{"start":{"line":17,"column":4},"end":{"line":17,"column":16}},"4":{"start":{"line":22,"column":4},"end":{"line":33,"column":null}},"5":{"start":{"line":22,"column":35},"end":{"line":33,"column":null}},"6":{"start":{"line":23,"column":14},"end":{"line":23,"column":33}},"7":{"start":{"line":25,"column":21},"end":{"line":25,"column":null}},"8":{"start":{"line":25,"column":14},"end":{"line":25,"column":null}},"9":{"start":{"line":27,"column":8},"end":{"line":31,"column":null}},"10":{"start":{"line":28,"column":12},"end":{"line":29,"column":null}},"11":{"start":{"line":31,"column":12},"end":{"line":31,"column":null}},"12":{"start":{"line":35,"column":4},"end":{"line":46,"column":null}},"13":{"start":{"line":35,"column":34},"end":{"line":46,"column":null}},"14":{"start":{"line":36,"column":14},"end":{"line":36,"column":38}},"15":{"start":{"line":38,"column":14},"end":{"line":38,"column":null}},"16":{"start":{"line":39,"column":12},"end":{"line":39,"column":36}},"17":{"start":{"line":41,"column":25},"end":{"line":41,"column":null}},"18":{"start":{"line":41,"column":14},"end":{"line":41,"column":null}},"19":{"start":{"line":43,"column":12},"end":{"line":43,"column":67}},"20":{"start":{"line":45,"column":8},"end":{"line":45,"column":80}},"21":{"start":{"line":48,"column":4},"end":{"line":61,"column":null}},"22":{"start":{"line":48,"column":44},"end":{"line":61,"column":null}},"23":{"start":{"line":49,"column":14},"end":{"line":49,"column":33}},"24":{"start":{"line":50,"column":14},"end":{"line":50,"column":38}},"25":{"start":{"line":53,"column":28},"end":{"line":53,"column":null}},"26":{"start":{"line":53,"column":18},"end":{"line":53,"column":null}},"27":{"start":{"line":55,"column":12},"end":{"line":55,"column":null}},"28":{"start":{"line":58,"column":12},"end":{"line":58,"column":null}},"29":{"start":{"line":64,"column":4},"end":{"line":71,"column":null}},"30":{"start":{"line":64,"column":38},"end":{"line":71,"column":null}},"31":{"start":{"line":65,"column":14},"end":{"line":65,"column":33}},"32":{"start":{"line":67,"column":8},"end":{"line":67,"column":37}},"33":{"start":{"line":69,"column":8},"end":{"line":69,"column":null}},"34":{"start":{"line":74,"column":4},"end":{"line":83,"column":null}},"35":{"start":{"line":74,"column":40},"end":{"line":83,"column":null}},"36":{"start":{"line":75,"column":14},"end":{"line":75,"column":38}},"37":{"start":{"line":77,"column":38},"end":{"line":77,"column":null}},"38":{"start":{"line":77,"column":18},"end":{"line":77,"column":null}},"39":{"start":{"line":79,"column":12},"end":{"line":79,"column":null}},"40":{"start":{"line":81,"column":12},"end":{"line":81,"column":24}},"41":{"start":{"line":19,"column":8},"end":{"line":19,"column":21}},"42":{"start":{"line":84,"column":0},"end":{"line":84,"column":null}}},"fnMap":{"0":{"name":"(anonymous_13)","decl":{"start":{"line":12,"column":0},"end":{"line":12,"column":null}},"loc":{"start":{"line":12,"column":0},"end":{"line":84,"column":null}}},"1":{"name":"testsLogic","decl":{"start":{"line":17,"column":4},"end":{"line":17,"column":16}},"loc":{"start":{"line":17,"column":33},"end":{"line":20,"column":5}}},"2":{"name":"(anonymous_15)","decl":{"start":{"line":22,"column":20},"end":{"line":22,"column":27}},"loc":{"start":{"line":22,"column":35},"end":{"line":33,"column":null}}},"3":{"name":"(anonymous_16)","decl":{"start":{"line":22,"column":35},"end":{"line":22,"column":null}},"loc":{"start":{"line":22,"column":35},"end":{"line":33,"column":null}}},"4":{"name":"(anonymous_18)","decl":{"start":{"line":35,"column":19},"end":{"line":35,"column":26}},"loc":{"start":{"line":35,"column":34},"end":{"line":46,"column":null}}},"5":{"name":"(anonymous_19)","decl":{"start":{"line":35,"column":34},"end":{"line":35,"column":null}},"loc":{"start":{"line":35,"column":34},"end":{"line":46,"column":null}}},"6":{"name":"(anonymous_21)","decl":{"start":{"line":48,"column":22},"end":{"line":48,"column":29}},"loc":{"start":{"line":48,"column":44},"end":{"line":61,"column":null}}},"7":{"name":"(anonymous_22)","decl":{"start":{"line":48,"column":44},"end":{"line":48,"column":null}},"loc":{"start":{"line":48,"column":44},"end":{"line":61,"column":null}}},"8":{"name":"(anonymous_24)","decl":{"start":{"line":64,"column":23},"end":{"line":64,"column":30}},"loc":{"start":{"line":64,"column":38},"end":{"line":71,"column":null}}},"9":{"name":"(anonymous_25)","decl":{"start":{"line":64,"column":38},"end":{"line":64,"column":null}},"loc":{"start":{"line":64,"column":38},"end":{"line":71,"column":null}}},"10":{"name":"(anonymous_27)","decl":{"start":{"line":74,"column":18},"end":{"line":74,"column":25}},"loc":{"start":{"line":74,"column":40},"end":{"line":83,"column":null}}},"11":{"name":"(anonymous_28)","decl":{"start":{"line":74,"column":40},"end":{"line":74,"column":null}},"loc":{"start":{"line":74,"column":40},"end":{"line":83,"column":null}}}},"branchMap":{"0":{"loc":{"start":{"line":27,"column":8},"end":{"line":31,"column":null}},"type":"if","locations":[{"start":{"line":27,"column":8},"end":{"line":31,"column":null}},{"start":{"line":27,"column":8},"end":{"line":31,"column":null}}]},"1":{"loc":{"start":{"line":36,"column":22},"end":{"line":36,"column":31}},"type":"binary-expr","locations":[{"start":{"line":36,"column":22},"end":{"line":36,"column":31}},{"start":{"line":36,"column":35},"end":{"line":36,"column":37}}]}},"s":{"0":1,"1":1,"2":1,"3":39,"4":39,"5":4,"6":4,"7":4,"8":4,"9":4,"10":2,"11":2,"12":39,"13":1,"14":1,"15":1,"16":1,"17":1,"18":1,"19":1,"20":1,"21":39,"22":1,"23":1,"24":1,"25":1,"26":1,"27":1,"28":0,"29":39,"30":1,"31":1,"32":2,"33":1,"34":39,"35":1,"36":1,"37":1,"38":1,"39":1,"40":0,"41":39,"42":1},"f":{"0":1,"1":39,"2":4,"3":4,"4":1,"5":1,"6":1,"7":1,"8":1,"9":1,"10":1,"11":1},"b":{"0":[2,2],"1":[1,0]}}
,"/home/itai/Documents/programing projects/web/sats-Pass-Manger/backend/src/utils/dotenvInit.ts": {"path":"/home/itai/Documents/programing projects/web/sats-Pass-Manger/backend/src/utils/dotenvInit.ts","statementMap":{"0":{"start":{"line":1,"column":15},"end":{"line":1,"column":32}},"1":{"start":{"line":2,"column":0},"end":{"line":2,"column":49}},"2":{"start":{"line":4,"column":0},"end":{"line":4,"column":24}}},"fnMap":{},"branchMap":{},"s":{"0":7,"1":7,"2":7},"f":{},"b":{}}
,"/home/itai/Documents/programing projects/web/sats-Pass-Manger/backend/src/utils/errorResponse.ts": {"path":"/home/itai/Documents/programing projects/web/sats-Pass-Manger/backend/src/utils/errorResponse.ts","statementMap":{"0":{"start":{"line":1,"column":0},"end":{"line":1,"column":null}},"1":{"start":{"line":1,"column":43},"end":{"line":1,"column":48}},"2":{"start":{"line":6,"column":8},"end":{"line":6,"column":null}},"3":{"start":{"line":8,"column":8},"end":{"line":8,"column":37}},"4":{"start":{"line":10,"column":8},"end":{"line":10,"column":56}},"5":{"start":{"line":12,"column":0},"end":{"line":12,"column":null}}},"fnMap":{"0":{"name":"(anonymous_6)","decl":{"start":{"line":1,"column":0},"end":{"line":1,"column":43}},"loc":{"start":{"line":1,"column":0},"end":{"line":12,"column":null}}},"1":{"name":"ErrorResponse","decl":{"start":{"line":4,"column":4},"end":{"line":4,"column":16}},"loc":{"start":{"line":4,"column":31},"end":{"line":11,"column":5}}}},"branchMap":{"0":{"loc":{"start":{"line":6,"column":8},"end":{"line":6,"column":18}},"type":"binary-expr","locations":[{"start":{"line":6,"column":8},"end":{"line":6,"column":18}},{"start":{"line":6,"column":18},"end":{"line":6,"column":null}}]}},"s":{"0":2,"1":2,"2":14,"3":14,"4":14,"5":2},"f":{"0":2,"1":14},"b":{"0":[14,0]}}
}
