{"/home/itai/Documents/programing projects/web/sats-Pass-Manger/backend/src/business logic/CRUDUseCases.ts": {"path":"/home/itai/Documents/programing projects/web/sats-Pass-Manger/backend/src/business logic/CRUDUseCases.ts","statementMap":{"0":{"start":{"line":1,"column":0},"end":{"line":1,"column":51}},"1":{"start":{"line":4,"column":0},"end":{"line":4,"column":null}},"2":{"start":{"line":10,"column":0},"end":{"line":10,"column":null}},"3":{"start":{"line":16,"column":0},"end":{"line":16,"column":54}},"4":{"start":{"line":20,"column":0},"end":{"line":20,"column":null}},"5":{"start":{"line":20,"column":39},"end":{"line":20,"column":52}},"6":{"start":{"line":28,"column":8},"end":{"line":28,"column":null}},"7":{"start":{"line":33,"column":4},"end":{"line":51,"column":null}},"8":{"start":{"line":33,"column":41},"end":{"line":51,"column":null}},"9":{"start":{"line":35,"column":18},"end":{"line":35,"column":33}},"10":{"start":{"line":37,"column":51},"end":{"line":37,"column":null}},"11":{"start":{"line":37,"column":18},"end":{"line":37,"column":null}},"12":{"start":{"line":39,"column":18},"end":{"line":39,"column":29}},"13":{"start":{"line":41,"column":28},"end":{"line":41,"column":null}},"14":{"start":{"line":41,"column":18},"end":{"line":41,"column":null}},"15":{"start":{"line":42,"column":12},"end":{"line":43,"column":67}},"16":{"start":{"line":43,"column":16},"end":{"line":43,"column":67}},"17":{"start":{"line":45,"column":16},"end":{"line":45,"column":97}},"18":{"start":{"line":47,"column":12},"end":{"line":47,"column":83}},"19":{"start":{"line":49,"column":12},"end":{"line":49,"column":57}},"20":{"start":{"line":53,"column":4},"end":{"line":68,"column":null}},"21":{"start":{"line":53,"column":35},"end":{"line":68,"column":null}},"22":{"start":{"line":55,"column":18},"end":{"line":55,"column":62}},"23":{"start":{"line":57,"column":16},"end":{"line":57,"column":40}},"24":{"start":{"line":59,"column":25},"end":{"line":59,"column":null}},"25":{"start":{"line":59,"column":18},"end":{"line":59,"column":null}},"26":{"start":{"line":61,"column":12},"end":{"line":62,"column":119}},"27":{"start":{"line":62,"column":16},"end":{"line":62,"column":119}},"28":{"start":{"line":64,"column":12},"end":{"line":64,"column":60}},"29":{"start":{"line":66,"column":12},"end":{"line":66,"column":24}},"30":{"start":{"line":70,"column":4},"end":{"line":85,"column":null}},"31":{"start":{"line":70,"column":35},"end":{"line":85,"column":null}},"32":{"start":{"line":72,"column":18},"end":{"line":72,"column":61}},"33":{"start":{"line":74,"column":18},"end":{"line":74,"column":null}},"34":{"start":{"line":75,"column":16},"end":{"line":75,"column":40}},"35":{"start":{"line":77,"column":28},"end":{"line":77,"column":null}},"36":{"start":{"line":77,"column":18},"end":{"line":77,"column":null}},"37":{"start":{"line":79,"column":16},"end":{"line":79,"column":66}},"38":{"start":{"line":81,"column":12},"end":{"line":81,"column":83}},"39":{"start":{"line":83,"column":12},"end":{"line":83,"column":24}},"40":{"start":{"line":87,"column":4},"end":{"line":98,"column":null}},"41":{"start":{"line":87,"column":34},"end":{"line":98,"column":null}},"42":{"start":{"line":89,"column":18},"end":{"line":89,"column":41}},"43":{"start":{"line":91,"column":32},"end":{"line":91,"column":null}},"44":{"start":{"line":91,"column":18},"end":{"line":91,"column":null}},"45":{"start":{"line":92,"column":12},"end":{"line":92,"column":80}},"46":{"start":{"line":92,"column":29},"end":{"line":92,"column":80}},"47":{"start":{"line":94,"column":12},"end":{"line":94,"column":67}},"48":{"start":{"line":96,"column":12},"end":{"line":96,"column":null}},"49":{"start":{"line":100,"column":4},"end":{"line":109,"column":null}},"50":{"start":{"line":100,"column":36},"end":{"line":109,"column":null}},"51":{"start":{"line":102,"column":18},"end":{"line":102,"column":68}},"52":{"start":{"line":103,"column":32},"end":{"line":103,"column":null}},"53":{"start":{"line":103,"column":18},"end":{"line":103,"column":null}},"54":{"start":{"line":105,"column":12},"end":{"line":105,"column":67}},"55":{"start":{"line":107,"column":12},"end":{"line":107,"column":null}},"56":{"start":{"line":113,"column":4},"end":{"line":125,"column":null}},"57":{"start":{"line":113,"column":40},"end":{"line":125,"column":null}},"58":{"start":{"line":116,"column":18},"end":{"line":116,"column":59}},"59":{"start":{"line":118,"column":28},"end":{"line":118,"column":null}},"60":{"start":{"line":118,"column":18},"end":{"line":118,"column":null}},"61":{"start":{"line":119,"column":12},"end":{"line":119,"column":76}},"62":{"start":{"line":119,"column":25},"end":{"line":119,"column":76}},"63":{"start":{"line":121,"column":12},"end":{"line":121,"column":63}},"64":{"start":{"line":123,"column":12},"end":{"line":123,"column":24}},"65":{"start":{"line":29,"column":8},"end":{"line":29,"column":21}},"66":{"start":{"line":30,"column":8},"end":{"line":30,"column":35}},"67":{"start":{"line":126,"column":0},"end":{"line":126,"column":null}}},"fnMap":{"0":{"name":"(anonymous_22)","decl":{"start":{"line":20,"column":0},"end":{"line":20,"column":39}},"loc":{"start":{"line":20,"column":0},"end":{"line":126,"column":null}}},"1":{"name":"CRUDLogic","decl":{"start":{"line":26,"column":4},"end":{"line":26,"column":16}},"loc":{"start":{"line":26,"column":51},"end":{"line":31,"column":5}}},"2":{"name":"(anonymous_24)","decl":{"start":{"line":33,"column":20},"end":{"line":33,"column":27}},"loc":{"start":{"line":33,"column":41},"end":{"line":51,"column":null}}},"3":{"name":"(anonymous_25)","decl":{"start":{"line":33,"column":41},"end":{"line":33,"column":null}},"loc":{"start":{"line":33,"column":41},"end":{"line":51,"column":null}}},"4":{"name":"(anonymous_27)","decl":{"start":{"line":53,"column":14},"end":{"line":53,"column":21}},"loc":{"start":{"line":53,"column":35},"end":{"line":68,"column":null}}},"5":{"name":"(anonymous_28)","decl":{"start":{"line":53,"column":35},"end":{"line":53,"column":null}},"loc":{"start":{"line":53,"column":35},"end":{"line":68,"column":null}}},"6":{"name":"(anonymous_30)","decl":{"start":{"line":70,"column":14},"end":{"line":70,"column":21}},"loc":{"start":{"line":70,"column":35},"end":{"line":85,"column":null}}},"7":{"name":"(anonymous_31)","decl":{"start":{"line":70,"column":35},"end":{"line":70,"column":null}},"loc":{"start":{"line":70,"column":35},"end":{"line":85,"column":null}}},"8":{"name":"(anonymous_33)","decl":{"start":{"line":87,"column":13},"end":{"line":87,"column":20}},"loc":{"start":{"line":87,"column":34},"end":{"line":98,"column":null}}},"9":{"name":"(anonymous_34)","decl":{"start":{"line":87,"column":34},"end":{"line":87,"column":null}},"loc":{"start":{"line":87,"column":34},"end":{"line":98,"column":null}}},"10":{"name":"(anonymous_36)","decl":{"start":{"line":100,"column":14},"end":{"line":100,"column":21}},"loc":{"start":{"line":100,"column":36},"end":{"line":109,"column":null}}},"11":{"name":"(anonymous_37)","decl":{"start":{"line":100,"column":36},"end":{"line":100,"column":null}},"loc":{"start":{"line":100,"column":36},"end":{"line":109,"column":null}}},"12":{"name":"(anonymous_39)","decl":{"start":{"line":113,"column":19},"end":{"line":113,"column":26}},"loc":{"start":{"line":113,"column":40},"end":{"line":125,"column":null}}},"13":{"name":"(anonymous_40)","decl":{"start":{"line":113,"column":40},"end":{"line":113,"column":null}},"loc":{"start":{"line":113,"column":40},"end":{"line":125,"column":null}}}},"branchMap":{"0":{"loc":{"start":{"line":28,"column":8},"end":{"line":28,"column":15}},"type":"binary-expr","locations":[{"start":{"line":28,"column":8},"end":{"line":28,"column":15}},{"start":{"line":28,"column":15},"end":{"line":28,"column":null}}]},"1":{"loc":{"start":{"line":42,"column":12},"end":{"line":43,"column":67}},"type":"if","locations":[{"start":{"line":42,"column":12},"end":{"line":43,"column":67}},{"start":{"line":42,"column":12},"end":{"line":43,"column":67}}]},"2":{"loc":{"start":{"line":61,"column":12},"end":{"line":62,"column":119}},"type":"if","locations":[{"start":{"line":61,"column":12},"end":{"line":62,"column":119}},{"start":{"line":61,"column":12},"end":{"line":62,"column":119}}]},"3":{"loc":{"start":{"line":92,"column":12},"end":{"line":92,"column":80}},"type":"if","locations":[{"start":{"line":92,"column":12},"end":{"line":92,"column":80}},{"start":{"line":92,"column":12},"end":{"line":92,"column":80}}]},"4":{"loc":{"start":{"line":119,"column":12},"end":{"line":119,"column":76}},"type":"if","locations":[{"start":{"line":119,"column":12},"end":{"line":119,"column":76}},{"start":{"line":119,"column":12},"end":{"line":119,"column":76}}]}},"s":{"0":2,"1":2,"2":2,"3":2,"4":2,"5":2,"6":62,"7":62,"8":6,"9":6,"10":6,"11":6,"12":6,"13":6,"14":6,"15":6,"16":2,"17":4,"18":4,"19":2,"20":62,"21":3,"22":3,"23":3,"24":3,"25":3,"26":3,"27":2,"28":1,"29":2,"30":62,"31":3,"32":3,"33":3,"34":3,"35":3,"36":3,"37":3,"38":3,"39":0,"40":62,"41":1,"42":1,"43":1,"44":1,"45":1,"46":0,"47":1,"48":0,"49":62,"50":13,"51":13,"52":13,"53":13,"54":13,"55":0,"56":62,"57":1,"58":1,"59":1,"60":1,"61":1,"62":0,"63":1,"64":0,"65":62,"66":62,"67":2},"f":{"0":2,"1":62,"2":6,"3":6,"4":3,"5":3,"6":3,"7":3,"8":1,"9":1,"10":13,"11":13,"12":1,"13":1},"b":{"0":[62,62],"1":[2,4],"2":[2,1],"3":[0,1],"4":[0,1]}}
,"/home/itai/Documents/programing projects/web/sats-Pass-Manger/backend/src/utils/queryFormater.ts": {"path":"/home/itai/Documents/programing projects/web/sats-Pass-Manger/backend/src/utils/queryFormater.ts","statementMap":{"0":{"start":{"line":3,"column":19},"end":{"line":3,"column":32}},"1":{"start":{"line":4,"column":17},"end":{"line":4,"column":72}},"2":{"start":{"line":5,"column":4},"end":{"line":5,"column":89}},"3":{"start":{"line":7,"column":4},"end":{"line":7,"column":41}},"4":{"start":{"line":9,"column":4},"end":{"line":9,"column":59}},"5":{"start":{"line":10,"column":4},"end":{"line":11,"column":55}},"6":{"start":{"line":11,"column":8},"end":{"line":11,"column":55}},"7":{"start":{"line":13,"column":4},"end":{"line":13,"column":33}},"8":{"start":{"line":1,"column":0},"end":{"line":1,"column":16}},"9":{"start":{"line":19,"column":17},"end":{"line":19,"column":41}},"10":{"start":{"line":20,"column":18},"end":{"line":20,"column":43}},"11":{"start":{"line":22,"column":22},"end":{"line":22,"column":34}},"12":{"start":{"line":23,"column":23},"end":{"line":23,"column":41}},"13":{"start":{"line":24,"column":27},"end":{"line":24,"column":40}},"14":{"start":{"line":26,"column":4},"end":{"line":27,"column":null}},"15":{"start":{"line":27,"column":8},"end":{"line":27,"column":null}},"16":{"start":{"line":29,"column":4},"end":{"line":30,"column":null}},"17":{"start":{"line":30,"column":8},"end":{"line":30,"column":null}},"18":{"start":{"line":32,"column":4},"end":{"line":32,"column":null}},"19":{"start":{"line":33,"column":4},"end":{"line":33,"column":22}},"20":{"start":{"line":17,"column":0},"end":{"line":17,"column":16}},"21":{"start":{"line":39,"column":4},"end":{"line":39,"column":23}},"22":{"start":{"line":41,"column":4},"end":{"line":45,"column":11}},"23":{"start":{"line":42,"column":8},"end":{"line":43,"column":30}},"24":{"start":{"line":43,"column":12},"end":{"line":43,"column":30}},"25":{"start":{"line":44,"column":8},"end":{"line":44,"column":19}},"26":{"start":{"line":47,"column":4},"end":{"line":53,"column":11}},"27":{"start":{"line":49,"column":22},"end":{"line":49,"column":46}},"28":{"start":{"line":51,"column":8},"end":{"line":51,"column":65}},"29":{"start":{"line":52,"column":8},"end":{"line":52,"column":29}},"30":{"start":{"line":37,"column":0},"end":{"line":37,"column":16}},"31":{"start":{"line":57,"column":21},"end":{"line":57,"column":23}},"32":{"start":{"line":58,"column":28},"end":{"line":58,"column":63}},"33":{"start":{"line":60,"column":4},"end":{"line":63,"column":7}},"34":{"start":{"line":61,"column":8},"end":{"line":61,"column":43}},"35":{"start":{"line":62,"column":8},"end":{"line":62,"column":28}},"36":{"start":{"line":65,"column":4},"end":{"line":65,"column":54}},"37":{"start":{"line":65,"column":27},"end":{"line":65,"column":54}},"38":{"start":{"line":67,"column":4},"end":{"line":67,"column":18}},"39":{"start":{"line":71,"column":19},"end":{"line":71,"column":40}},"40":{"start":{"line":72,"column":4},"end":{"line":72,"column":81}},"41":{"start":{"line":72,"column":68},"end":{"line":72,"column":80}},"42":{"start":{"line":73,"column":4},"end":{"line":73,"column":33}},"43":{"start":{"line":74,"column":4},"end":{"line":74,"column":17}},"44":{"start":{"line":79,"column":28},"end":{"line":79,"column":81}},"45":{"start":{"line":81,"column":4},"end":{"line":81,"column":68}},"46":{"start":{"line":84,"column":4},"end":{"line":84,"column":50}},"47":{"start":{"line":87,"column":63},"end":{"line":87,"column":79}},"48":{"start":{"line":87,"column":43},"end":{"line":87,"column":45}},"49":{"start":{"line":87,"column":59},"end":{"line":87,"column":63}},"50":{"start":{"line":88,"column":8},"end":{"line":88,"column":62}},"51":{"start":{"line":89,"column":8},"end":{"line":89,"column":76}},"52":{"start":{"line":90,"column":8},"end":{"line":90,"column":28}},"53":{"start":{"line":95,"column":28},"end":{"line":95,"column":63}},"54":{"start":{"line":96,"column":25},"end":{"line":96,"column":62}},"55":{"start":{"line":97,"column":28},"end":{"line":97,"column":88}},"56":{"start":{"line":97,"column":63},"end":{"line":97,"column":88}},"57":{"start":{"line":98,"column":4},"end":{"line":98,"column":27}},"58":{"start":{"line":102,"column":4},"end":{"line":105,"column":7}},"59":{"start":{"line":103,"column":8},"end":{"line":104,"column":74}},"60":{"start":{"line":104,"column":12},"end":{"line":104,"column":74}}},"fnMap":{"0":{"name":"formatQueryForMoongose","decl":{"start":{"line":1,"column":16},"end":{"line":1,"column":38}},"loc":{"start":{"line":1,"column":44},"end":{"line":14,"column":1}}},"1":{"name":"formatPagination","decl":{"start":{"line":17,"column":16},"end":{"line":17,"column":32}},"loc":{"start":{"line":17,"column":52},"end":{"line":35,"column":1}}},"2":{"name":"formatPaginationToPouplated","decl":{"start":{"line":37,"column":16},"end":{"line":37,"column":43}},"loc":{"start":{"line":37,"column":70},"end":{"line":54,"column":1}}},"3":{"name":"(anonymous_5)","decl":{"start":{"line":41,"column":38},"end":{"line":41,"column":39}},"loc":{"start":{"line":41,"column":45},"end":{"line":45,"column":5}}},"4":{"name":"(anonymous_6)","decl":{"start":{"line":47,"column":38},"end":{"line":47,"column":39}},"loc":{"start":{"line":47,"column":61},"end":{"line":53,"column":5}}},"5":{"name":"moveTheSearchParamsFromTheQueryToNewObject","decl":{"start":{"line":56,"column":9},"end":{"line":56,"column":51}},"loc":{"start":{"line":56,"column":57},"end":{"line":68,"column":1}}},"6":{"name":"(anonymous_8)","decl":{"start":{"line":60,"column":28},"end":{"line":60,"column":33}},"loc":{"start":{"line":60,"column":33},"end":{"line":63,"column":5}}},"7":{"name":"addDollarSignAtTheBeginingOfAllTheQuryComparisonOperators","decl":{"start":{"line":70,"column":9},"end":{"line":70,"column":66}},"loc":{"start":{"line":70,"column":77},"end":{"line":75,"column":1}}},"8":{"name":"(anonymous_10)","decl":{"start":{"line":72,"column":59},"end":{"line":72,"column":64}},"loc":{"start":{"line":72,"column":64},"end":{"line":72,"column":72}}},"9":{"name":"populatedParams","decl":{"start":{"line":78,"column":9},"end":{"line":78,"column":24}},"loc":{"start":{"line":78,"column":38},"end":{"line":92,"column":1}}},"10":{"name":"addPopulatedFieldAToThePopulatedObject","decl":{"start":{"line":86,"column":13},"end":{"line":86,"column":51}},"loc":{"start":{"line":86,"column":57},"end":{"line":91,"column":5}}},"11":{"name":"extractThePopulatedQueryParametersFromTheQuery","decl":{"start":{"line":94,"column":9},"end":{"line":94,"column":55}},"loc":{"start":{"line":94,"column":66},"end":{"line":99,"column":1}}},"12":{"name":"(anonymous_14)","decl":{"start":{"line":97,"column":54},"end":{"line":97,"column":59}},"loc":{"start":{"line":97,"column":59},"end":{"line":97,"column":75}}},"13":{"name":"addSkipToThePopulatedParamsWereNedded","decl":{"start":{"line":101,"column":9},"end":{"line":101,"column":46}},"loc":{"start":{"line":101,"column":58},"end":{"line":106,"column":1}}},"14":{"name":"(anonymous_16)","decl":{"start":{"line":102,"column":32},"end":{"line":102,"column":37}},"loc":{"start":{"line":102,"column":37},"end":{"line":105,"column":5}}}},"branchMap":{"0":{"loc":{"start":{"line":9,"column":19},"end":{"line":9,"column":45}},"type":"binary-expr","locations":[{"start":{"line":9,"column":19},"end":{"line":9,"column":45}},{"start":{"line":9,"column":49},"end":{"line":9,"column":58}}]},"1":{"loc":{"start":{"line":10,"column":4},"end":{"line":11,"column":55}},"type":"if","locations":[{"start":{"line":10,"column":4},"end":{"line":11,"column":55}},{"start":{"line":10,"column":4},"end":{"line":11,"column":55}}]},"2":{"loc":{"start":{"line":10,"column":7},"end":{"line":10,"column":18}},"type":"binary-expr","locations":[{"start":{"line":10,"column":7},"end":{"line":10,"column":18}},{"start":{"line":10,"column":22},"end":{"line":10,"column":34}}]},"3":{"loc":{"start":{"line":26,"column":4},"end":{"line":27,"column":null}},"type":"if","locations":[{"start":{"line":26,"column":4},"end":{"line":27,"column":null}},{"start":{"line":26,"column":4},"end":{"line":27,"column":null}}]},"4":{"loc":{"start":{"line":29,"column":4},"end":{"line":30,"column":null}},"type":"if","locations":[{"start":{"line":29,"column":4},"end":{"line":30,"column":null}},{"start":{"line":29,"column":4},"end":{"line":30,"column":null}}]},"5":{"loc":{"start":{"line":42,"column":8},"end":{"line":43,"column":30}},"type":"if","locations":[{"start":{"line":42,"column":8},"end":{"line":43,"column":30}},{"start":{"line":42,"column":8},"end":{"line":43,"column":30}}]},"6":{"loc":{"start":{"line":42,"column":11},"end":{"line":42,"column":39}},"type":"binary-expr","locations":[{"start":{"line":42,"column":11},"end":{"line":42,"column":39}},{"start":{"line":42,"column":43},"end":{"line":42,"column":60}}]},"7":{"loc":{"start":{"line":61,"column":24},"end":{"line":61,"column":36}},"type":"binary-expr","locations":[{"start":{"line":61,"column":24},"end":{"line":61,"column":36}},{"start":{"line":61,"column":40},"end":{"line":61,"column":42}}]},"8":{"loc":{"start":{"line":65,"column":4},"end":{"line":65,"column":54}},"type":"if","locations":[{"start":{"line":65,"column":4},"end":{"line":65,"column":54}},{"start":{"line":65,"column":4},"end":{"line":65,"column":54}}]},"9":{"loc":{"start":{"line":88,"column":33},"end":{"line":88,"column":55}},"type":"binary-expr","locations":[{"start":{"line":88,"column":33},"end":{"line":88,"column":55}},{"start":{"line":88,"column":59},"end":{"line":88,"column":61}}]},"10":{"loc":{"start":{"line":103,"column":8},"end":{"line":104,"column":74}},"type":"if","locations":[{"start":{"line":103,"column":8},"end":{"line":104,"column":74}},{"start":{"line":103,"column":8},"end":{"line":104,"column":74}}]}},"s":{"0":19,"1":19,"2":19,"3":19,"4":19,"5":19,"6":2,"7":19,"8":3,"9":7,"10":7,"11":7,"12":7,"13":7,"14":7,"15":3,"16":7,"17":3,"18":7,"19":7,"20":3,"21":5,"22":5,"23":23,"24":3,"25":23,"26":5,"27":3,"28":3,"29":3,"30":3,"31":19,"32":19,"33":19,"34":76,"35":76,"36":19,"37":14,"38":19,"39":19,"40":19,"41":3,"42":19,"43":19,"44":19,"45":19,"46":19,"47":10,"48":10,"49":10,"50":10,"51":10,"52":10,"53":19,"54":19,"55":19,"56":20,"57":19,"58":19,"59":81,"60":3},"f":{"0":19,"1":7,"2":5,"3":23,"4":3,"5":19,"6":76,"7":19,"8":3,"9":19,"10":10,"11":19,"12":20,"13":19,"14":81},"b":{"0":[19,17],"1":[2,17],"2":[19,2],"3":[3,4],"4":[3,4],"5":[3,20],"6":[23,3],"7":[76,65],"8":[14,5],"9":[10,5],"10":[3,78]}}
}
