TN:
SF:src/business logic/CRUDUseCases.ts
FN:20,(anonymous_22)
FN:26,CRUDLogic
FN:33,(anonymous_24)
FN:33,(anonymous_25)
FN:53,(anonymous_27)
FN:53,(anonymous_28)
FN:70,(anonymous_30)
FN:70,(anonymous_31)
FN:87,(anonymous_33)
FN:87,(anonymous_34)
FN:100,(anonymous_36)
FN:100,(anonymous_37)
FN:113,(anonymous_39)
FN:113,(anonymous_40)
FNF:14
FNH:14
FNDA:2,(anonymous_22)
FNDA:62,CRUDLogic
FNDA:6,(anonymous_24)
FNDA:6,(anonymous_25)
FNDA:3,(anonymous_27)
FNDA:3,(anonymous_28)
FNDA:3,(anonymous_30)
FNDA:3,(anonymous_31)
FNDA:1,(anonymous_33)
FNDA:1,(anonymous_34)
FNDA:13,(anonymous_36)
FNDA:13,(anonymous_37)
FNDA:1,(anonymous_39)
FNDA:1,(anonymous_40)
DA:1,2
DA:4,2
DA:10,2
DA:16,2
DA:20,2
DA:28,62
DA:29,62
DA:30,62
DA:33,62
DA:35,6
DA:37,6
DA:39,6
DA:41,6
DA:42,6
DA:43,2
DA:45,4
DA:47,4
DA:49,2
DA:53,62
DA:55,3
DA:57,3
DA:59,3
DA:61,3
DA:62,2
DA:64,1
DA:66,2
DA:70,62
DA:72,3
DA:74,3
DA:75,3
DA:77,3
DA:79,3
DA:81,3
DA:83,0
DA:87,62
DA:89,1
DA:91,1
DA:92,1
DA:94,1
DA:96,0
DA:100,62
DA:102,13
DA:103,13
DA:105,13
DA:107,0
DA:113,62
DA:116,1
DA:118,1
DA:119,1
DA:121,1
DA:123,0
DA:126,2
LF:52
LH:48
BRDA:28,0,0,62
BRDA:28,0,1,62
BRDA:42,1,0,2
BRDA:42,1,1,4
BRDA:61,2,0,2
BRDA:61,2,1,1
BRDA:92,3,0,0
BRDA:92,3,1,1
BRDA:119,4,0,0
BRDA:119,4,1,1
BRF:10
BRH:8
end_of_record
TN:
SF:src/utils/queryFormater.ts
FN:1,formatQueryForMoongose
FN:17,formatPagination
FN:37,formatPaginationToPouplated
FN:41,(anonymous_5)
FN:47,(anonymous_6)
FN:56,moveTheSearchParamsFromTheQueryToNewObject
FN:60,(anonymous_8)
FN:70,addDollarSignAtTheBeginingOfAllTheQuryComparisonOperators
FN:72,(anonymous_10)
FN:78,populatedParams
FN:86,addPopulatedFieldAToThePopulatedObject
FN:94,extractThePopulatedQueryParametersFromTheQuery
FN:97,(anonymous_14)
FN:101,addSkipToThePopulatedParamsWereNedded
FN:102,(anonymous_16)
FNF:15
FNH:15
FNDA:19,formatQueryForMoongose
FNDA:7,formatPagination
FNDA:5,formatPaginationToPouplated
FNDA:23,(anonymous_5)
FNDA:3,(anonymous_6)
FNDA:19,moveTheSearchParamsFromTheQueryToNewObject
FNDA:76,(anonymous_8)
FNDA:19,addDollarSignAtTheBeginingOfAllTheQuryComparisonOperators
FNDA:3,(anonymous_10)
FNDA:19,populatedParams
FNDA:10,addPopulatedFieldAToThePopulatedObject
FNDA:19,extractThePopulatedQueryParametersFromTheQuery
FNDA:20,(anonymous_14)
FNDA:19,addSkipToThePopulatedParamsWereNedded
FNDA:81,(anonymous_16)
DA:1,3
DA:3,19
DA:4,19
DA:5,19
DA:7,19
DA:9,19
DA:10,19
DA:11,2
DA:13,19
DA:17,3
DA:19,7
DA:20,7
DA:22,7
DA:23,7
DA:24,7
DA:26,7
DA:27,3
DA:29,7
DA:30,3
DA:32,7
DA:33,7
DA:37,3
DA:39,5
DA:41,5
DA:42,23
DA:43,3
DA:44,23
DA:47,5
DA:49,3
DA:51,3
DA:52,3
DA:57,19
DA:58,19
DA:60,19
DA:61,76
DA:62,76
DA:65,19
DA:67,19
DA:71,19
DA:72,19
DA:73,19
DA:74,19
DA:79,19
DA:81,19
DA:84,19
DA:87,10
DA:88,10
DA:89,10
DA:90,10
DA:95,19
DA:96,19
DA:97,20
DA:98,19
DA:102,19
DA:103,81
DA:104,3
LF:56
LH:56
BRDA:9,0,0,19
BRDA:9,0,1,17
BRDA:10,1,0,2
BRDA:10,1,1,17
BRDA:10,2,0,19
BRDA:10,2,1,2
BRDA:26,3,0,3
BRDA:26,3,1,4
BRDA:29,4,0,3
BRDA:29,4,1,4
BRDA:42,5,0,3
BRDA:42,5,1,20
BRDA:42,6,0,23
BRDA:42,6,1,3
BRDA:61,7,0,76
BRDA:61,7,1,65
BRDA:65,8,0,14
BRDA:65,8,1,5
BRDA:88,9,0,10
BRDA:88,9,1,5
BRDA:103,10,0,3
BRDA:103,10,1,78
BRF:22
BRH:22
end_of_record
