TN:
SF:src/IO_Mangers/DBManger/mongoDB/AuthDBManger.ts
FN:6,(anonymous_20)
FN:8,(anonymous_22)
FN:16,(anonymous_25)
FN:23,(anonymous_28)
FN:29,(anonymous_31)
FN:35,(anonymous_34)
FN:41,(anonymous_37)
FN:48,(anonymous_40)
FN:50,(anonymous_41)
FNF:9
FNH:9
FNDA:48,(anonymous_20)
FNDA:3,(anonymous_22)
FNDA:9,(anonymous_25)
FNDA:17,(anonymous_28)
FNDA:2,(anonymous_31)
FNDA:3,(anonymous_34)
FNDA:6,(anonymous_37)
FNDA:1,(anonymous_40)
FNDA:1,(anonymous_41)
DA:1,2
DA:4,2
DA:6,2
DA:8,5
DA:9,3
DA:11,3
DA:13,3
DA:16,2
DA:17,9
DA:20,9
DA:23,2
DA:24,17
DA:25,17
DA:26,17
DA:29,2
DA:30,2
DA:32,2
DA:35,2
DA:36,3
DA:37,3
DA:38,3
DA:41,7
DA:42,6
DA:43,6
DA:44,6
DA:45,6
DA:48,2
DA:50,1
DA:51,1
DA:54,1
DA:56,2
LF:31
LH:31
BRDA:8,0,0,2
BRDA:8,0,1,1
BRDA:8,1,0,2
BRDA:8,1,1,1
BRDA:13,2,0,3
BRDA:17,3,0,9
BRDA:24,4,0,17
BRDA:30,5,0,2
BRDA:36,6,0,3
BRDA:41,7,0,1
BRDA:41,7,1,5
BRDA:43,8,0,5
BRDA:43,8,1,1
BRF:13
BRH:13
end_of_record
TN:
SF:src/IO_Mangers/DBManger/mongoDB/PassesDBManger.ts
FN:6,(anonymous_20)
FN:8,(anonymous_22)
FN:17,(anonymous_25)
FN:22,(anonymous_28)
FN:29,(anonymous_31)
FN:38,(anonymous_34)
FN:43,(anonymous_37)
FN:45,(anonymous_38)
FNF:8
FNH:8
FNDA:48,(anonymous_20)
FNDA:8,(anonymous_22)
FNDA:4,(anonymous_25)
FNDA:11,(anonymous_28)
FNDA:3,(anonymous_31)
FNDA:2,(anonymous_34)
FNDA:2,(anonymous_37)
FNDA:2,(anonymous_38)
DA:1,2
DA:4,2
DA:6,2
DA:8,11
DA:10,8
DA:12,8
DA:14,8
DA:17,2
DA:18,4
DA:19,4
DA:22,2
DA:24,11
DA:25,11
DA:26,11
DA:29,2
DA:31,3
DA:35,3
DA:38,2
DA:40,2
DA:43,2
DA:45,2
DA:46,2
DA:49,2
DA:51,2
LF:24
LH:24
BRDA:8,0,0,2
BRDA:8,0,1,6
BRDA:8,1,0,3
BRDA:8,1,1,5
BRDA:14,2,0,8
BRDA:18,3,0,4
BRDA:24,4,0,11
BRDA:31,5,0,3
BRDA:40,6,0,2
BRDA:40,6,1,2
BRF:10
BRH:10
end_of_record
TN:
SF:src/IO_Mangers/DBManger/mongoDB/SatellitesDBManger.ts
FN:7,(anonymous_20)
FN:9,(anonymous_22)
FN:18,(anonymous_25)
FN:28,(anonymous_28)
FN:35,(anonymous_31)
FN:41,(anonymous_34)
FN:46,(anonymous_37)
FN:48,(anonymous_38)
FNF:8
FNH:8
FNDA:51,(anonymous_20)
FNDA:7,(anonymous_22)
FNDA:12,(anonymous_25)
FNDA:13,(anonymous_28)
FNDA:4,(anonymous_31)
FNDA:2,(anonymous_34)
FNDA:1,(anonymous_37)
FNDA:1,(anonymous_38)
DA:1,2
DA:4,2
DA:7,2
DA:9,11
DA:11,7
DA:13,7
DA:15,7
DA:18,2
DA:19,12
DA:24,12
DA:28,2
DA:30,13
DA:31,13
DA:32,13
DA:35,2
DA:36,4
DA:41,2
DA:42,2
DA:43,2
DA:46,2
DA:48,1
DA:49,1
DA:52,1
DA:54,2
LF:24
LH:24
BRDA:9,0,0,3
BRDA:9,0,1,4
BRDA:9,1,0,4
BRDA:9,1,1,3
BRDA:15,2,0,7
BRDA:19,3,0,12
BRDA:30,4,0,13
BRDA:36,5,0,4
BRDA:36,5,1,4
BRDA:43,6,0,2
BRF:10
BRH:10
end_of_record
TN:
SF:src/IO_Mangers/DBManger/mongoDB/TestsDBManger.ts
FN:6,(anonymous_20)
FN:8,(anonymous_22)
FN:16,(anonymous_25)
FN:22,(anonymous_28)
FN:26,(anonymous_31)
FN:30,(anonymous_34)
FN:34,(anonymous_37)
FN:35,(anonymous_38)
FNF:8
FNH:8
FNDA:48,(anonymous_20)
FNDA:4,(anonymous_22)
FNDA:8,(anonymous_25)
FNDA:8,(anonymous_28)
FNDA:2,(anonymous_31)
FNDA:2,(anonymous_34)
FNDA:1,(anonymous_37)
FNDA:1,(anonymous_38)
DA:1,2
DA:4,2
DA:6,2
DA:8,6
DA:9,4
DA:11,4
DA:13,4
DA:16,2
DA:17,8
DA:19,8
DA:22,2
DA:23,8
DA:26,2
DA:27,2
DA:30,2
DA:31,2
DA:34,2
DA:35,1
DA:36,1
DA:39,1
DA:41,2
LF:21
LH:21
BRDA:8,0,0,2
BRDA:8,0,1,2
BRDA:8,1,0,2
BRDA:8,1,1,2
BRDA:13,2,0,4
BRDA:17,3,0,8
BRDA:23,4,0,8
BRDA:23,4,1,8
BRDA:27,5,0,2
BRDA:27,5,1,2
BRDA:31,6,0,2
BRDA:31,6,1,2
BRF:12
BRH:12
end_of_record
TN:
SF:src/IO_Mangers/DBManger/mongoDB/mangoDBManger.ts
FN:10,(anonymous_1)
FN:16,(anonymous_3)
FN:25,(anonymous_4)
FN:27,(anonymous_5)
FN:28,(anonymous_6)
FN:29,(anonymous_7)
FN:30,(anonymous_8)
FN:34,(anonymous_9)
FN:47,(anonymous_10)
FNF:9
FNH:9
FNDA:242,(anonymous_1)
FNDA:78,(anonymous_3)
FNDA:78,(anonymous_4)
FNDA:78,(anonymous_5)
FNDA:78,(anonymous_6)
FNDA:78,(anonymous_7)
FNDA:78,(anonymous_8)
FNDA:26,(anonymous_9)
FNDA:12,(anonymous_10)
DA:1,7
DA:5,7
DA:6,7
DA:7,7
DA:8,7
DA:10,7
DA:16,78
DA:18,78
DA:25,78
DA:27,78
DA:28,78
DA:29,78
DA:30,78
DA:34,26
DA:35,26
DA:37,12
DA:38,7
DA:40,12
DA:41,12
DA:42,12
DA:43,12
DA:44,12
DA:47,7
DA:48,12
DA:49,5
DA:51,7
DA:54,7
LF:27
LH:27
BRDA:34,0,0,0
BRDA:34,0,1,26
BRDA:35,1,0,14
BRDA:35,1,1,12
BRDA:37,2,0,7
BRDA:37,2,1,5
BRDA:48,3,0,5
BRDA:48,3,1,7
BRDA:51,4,0,7
BRDA:51,4,1,7
BRDA:51,4,2,2
BRF:11
BRH:10
end_of_record
TN:
SF:src/Mediator/ConcreteMediators.ts
FN:6,(anonymous_13)
FN:12,ConcreteMediators
FN:22,(anonymous_15)
FN:27,(anonymous_18)
FN:32,(anonymous_21)
FNF:5
FNH:5
FNDA:1,(anonymous_13)
FNDA:39,ConcreteMediators
FNDA:4,(anonymous_15)
FNDA:2,(anonymous_18)
FNDA:2,(anonymous_21)
DA:6,1
DA:14,39
DA:15,39
DA:17,39
DA:18,39
DA:22,1
DA:24,4
DA:27,1
DA:29,2
DA:32,1
DA:34,2
DA:37,1
LF:12
LH:12
BRDA:24,0,0,4
BRDA:24,0,1,4
BRDA:29,1,0,2
BRDA:29,1,1,2
BRDA:34,2,0,2
BRDA:34,2,1,2
BRF:6
BRH:6
end_of_record
TN:
SF:src/business logic/authUseCases.ts
FN:14,(anonymous_14)
FN:18,authLogic
FN:23,(anonymous_16)
FN:23,(anonymous_17)
FN:32,(anonymous_19)
FN:32,(anonymous_20)
FN:45,(anonymous_22)
FN:45,(anonymous_23)
FN:58,(anonymous_25)
FN:58,(anonymous_26)
FN:71,(anonymous_28)
FN:71,(anonymous_29)
FN:86,(anonymous_31)
FN:86,(anonymous_32)
FN:108,(anonymous_34)
FN:108,(anonymous_35)
FN:130,(anonymous_37)
FN:131,(anonymous_38)
FNF:18
FNH:18
FNDA:1,(anonymous_14)
FNDA:39,authLogic
FNDA:1,(anonymous_16)
FNDA:1,(anonymous_17)
FNDA:1,(anonymous_19)
FNDA:1,(anonymous_20)
FNDA:1,(anonymous_22)
FNDA:1,(anonymous_23)
FNDA:3,(anonymous_25)
FNDA:3,(anonymous_26)
FNDA:11,(anonymous_28)
FNDA:11,(anonymous_29)
FNDA:4,(anonymous_31)
FNDA:4,(anonymous_32)
FNDA:3,(anonymous_34)
FNDA:3,(anonymous_35)
FNDA:2,(anonymous_37)
FNDA:2,(anonymous_38)
DA:1,1
DA:2,1
DA:5,1
DA:7,1
DA:14,1
DA:18,39
DA:20,39
DA:23,39
DA:24,1
DA:26,1
DA:28,1
DA:32,39
DA:33,1
DA:34,1
DA:36,1
DA:38,1
DA:39,0
DA:42,1
DA:45,39
DA:46,1
DA:48,1
DA:49,1
DA:51,1
DA:53,1
DA:55,1
DA:58,39
DA:59,3
DA:61,3
DA:63,3
DA:64,2
DA:67,1
DA:71,39
DA:72,11
DA:74,11
DA:81,11
DA:83,11
DA:86,39
DA:87,4
DA:89,4
DA:90,1
DA:92,3
DA:94,3
DA:95,1
DA:97,2
DA:99,2
DA:100,1
DA:103,1
DA:105,1
DA:108,39
DA:111,3
DA:112,2
DA:114,3
DA:115,1
DA:119,2
DA:120,2
DA:122,2
DA:124,1
DA:126,1
DA:130,39
DA:131,2
DA:132,2
DA:133,1
DA:134,1
DA:137,1
LF:64
LH:63
BRDA:38,0,0,0
BRDA:38,0,1,1
BRDA:46,1,0,1
BRDA:46,1,1,1
BRDA:63,2,0,2
BRDA:63,2,1,1
BRDA:89,3,0,1
BRDA:89,3,1,3
BRDA:89,4,0,4
BRDA:89,4,1,3
BRDA:94,5,0,1
BRDA:94,5,1,2
BRDA:99,6,0,1
BRDA:99,6,1,1
BRDA:111,7,0,2
BRDA:111,7,1,1
BRDA:111,8,0,3
BRDA:111,8,1,2
BRDA:114,9,0,1
BRDA:114,9,1,2
BRDA:132,10,0,1
BRDA:132,10,1,1
BRF:22
BRH:21
end_of_record
TN:
SF:src/business logic/passesUseCases.ts
FN:14,(anonymous_20)
FN:19,passLogic
FN:25,(anonymous_22)
FN:25,(anonymous_23)
FN:38,(anonymous_25)
FN:38,(anonymous_26)
FN:51,(anonymous_28)
FN:51,(anonymous_29)
FN:70,(anonymous_31)
FN:70,(anonymous_32)
FN:93,(anonymous_34)
FN:100,(anonymous_37)
FN:106,(anonymous_40)
FN:114,(anonymous_41)
FNF:14
FNH:14
FNDA:1,(anonymous_20)
FNDA:39,passLogic
FNDA:2,(anonymous_22)
FNDA:2,(anonymous_23)
FNDA:2,(anonymous_25)
FNDA:2,(anonymous_26)
FNDA:2,(anonymous_28)
FNDA:2,(anonymous_29)
FNDA:2,(anonymous_31)
FNDA:2,(anonymous_32)
FNDA:2,(anonymous_34)
FNDA:2,(anonymous_37)
FNDA:2,(anonymous_40)
FNDA:2,(anonymous_41)
DA:1,1
DA:4,1
DA:6,1
DA:12,1
DA:14,1
DA:21,39
DA:22,39
DA:25,39
DA:26,2
DA:28,2
DA:30,2
DA:31,1
DA:34,1
DA:38,39
DA:39,2
DA:41,2
DA:42,2
DA:44,2
DA:46,2
DA:48,2
DA:51,39
DA:52,2
DA:53,2
DA:60,2
DA:62,1
DA:63,1
DA:66,1
DA:67,1
DA:70,39
DA:71,2
DA:72,2
DA:79,2
DA:81,1
DA:82,1
DA:86,1
DA:87,1
DA:89,0
DA:93,1
DA:95,4
DA:96,2
DA:97,2
DA:100,1
DA:102,2
DA:103,2
DA:106,1
DA:108,2
DA:109,1
DA:110,1
DA:111,1
DA:114,1
DA:115,2
DA:116,1
DA:118,1
LF:53
LH:52
BRDA:21,0,0,39
BRDA:21,0,1,39
BRDA:30,1,0,1
BRDA:30,1,1,1
BRDA:39,2,0,2
BRDA:39,2,1,1
BRDA:60,3,0,1
BRDA:60,3,1,1
BRDA:79,4,0,1
BRDA:79,4,1,1
BRDA:95,5,0,2
BRDA:102,6,0,2
BRDA:102,7,0,2
BRDA:102,7,1,2
BRDA:108,8,0,1
BRDA:108,8,1,1
BRDA:108,9,0,2
BRDA:108,9,1,1
BRDA:109,10,0,0
BRDA:109,10,1,1
BRDA:109,11,0,1
BRDA:109,11,1,1
BRDA:110,12,0,0
BRDA:110,12,1,1
BRDA:110,13,0,1
BRDA:110,13,1,1
BRDA:115,14,0,1
BRDA:115,14,1,1
BRDA:115,15,0,2
BRDA:115,15,1,1
BRF:30
BRH:28
end_of_record
TN:
SF:src/business logic/satelliteUseCases.ts
FN:16,(anonymous_20)
FN:20,satelliteLogic
FN:27,(anonymous_22)
FN:27,(anonymous_23)
FN:41,(anonymous_25)
FN:41,(anonymous_26)
FN:53,(anonymous_28)
FN:53,(anonymous_29)
FN:65,(anonymous_31)
FN:65,(anonymous_32)
FN:79,(anonymous_34)
FN:79,(anonymous_35)
FN:88,(anonymous_37)
FN:88,(anonymous_38)
FN:107,(anonymous_40)
FN:107,(anonymous_41)
FN:128,(anonymous_43)
FNF:17
FNH:17
FNDA:1,(anonymous_20)
FNDA:39,satelliteLogic
FNDA:4,(anonymous_22)
FNDA:4,(anonymous_23)
FNDA:1,(anonymous_25)
FNDA:1,(anonymous_26)
FNDA:1,(anonymous_28)
FNDA:1,(anonymous_29)
FNDA:1,(anonymous_31)
FNDA:1,(anonymous_32)
FNDA:1,(anonymous_34)
FNDA:1,(anonymous_35)
FNDA:1,(anonymous_37)
FNDA:1,(anonymous_38)
FNDA:1,(anonymous_40)
FNDA:1,(anonymous_41)
FNDA:2,(anonymous_43)
DA:4,1
DA:6,1
DA:7,1
DA:8,1
DA:14,1
DA:16,1
DA:22,39
DA:23,39
DA:27,39
DA:28,4
DA:30,4
DA:32,4
DA:33,2
DA:36,2
DA:41,39
DA:42,1
DA:44,1
DA:45,1
DA:47,1
DA:48,1
DA:50,1
DA:53,39
DA:54,1
DA:56,1
DA:58,1
DA:60,0
DA:65,39
DA:66,1
DA:67,1
DA:69,1
DA:71,1
DA:74,0
DA:79,39
DA:80,1
DA:82,2
DA:84,1
DA:88,39
DA:89,1
DA:91,1
DA:92,1
DA:94,1
DA:96,1
DA:98,1
DA:100,1
DA:102,1
DA:104,1
DA:107,39
DA:108,1
DA:109,1
DA:110,3
DA:112,1
DA:113,1
DA:115,1
DA:117,1
DA:119,1
DA:121,1
DA:125,1
DA:128,1
DA:132,2
DA:133,2
DA:137,0
DA:138,0
DA:140,2
DA:142,1
LF:64
LH:60
BRDA:22,0,0,39
BRDA:22,0,1,39
BRDA:32,1,0,2
BRDA:32,1,1,2
BRDA:91,2,0,1
BRDA:91,2,1,0
BRDA:108,3,0,1
BRDA:110,4,0,1
BRDA:110,4,1,1
BRDA:112,5,0,1
BRDA:112,5,1,0
BRDA:140,6,0,2
BRF:12
BRH:10
end_of_record
TN:
SF:src/business logic/testsUseCases.ts
FN:12,(anonymous_13)
FN:17,testsLogic
FN:22,(anonymous_15)
FN:22,(anonymous_16)
FN:35,(anonymous_18)
FN:35,(anonymous_19)
FN:48,(anonymous_21)
FN:48,(anonymous_22)
FN:64,(anonymous_24)
FN:64,(anonymous_25)
FN:74,(anonymous_27)
FN:74,(anonymous_28)
FNF:12
FNH:12
FNDA:1,(anonymous_13)
FNDA:39,testsLogic
FNDA:4,(anonymous_15)
FNDA:4,(anonymous_16)
FNDA:1,(anonymous_18)
FNDA:1,(anonymous_19)
FNDA:1,(anonymous_21)
FNDA:1,(anonymous_22)
FNDA:1,(anonymous_24)
FNDA:1,(anonymous_25)
FNDA:1,(anonymous_27)
FNDA:1,(anonymous_28)
DA:4,1
DA:6,1
DA:12,1
DA:17,39
DA:19,39
DA:22,39
DA:23,4
DA:25,4
DA:27,4
DA:28,2
DA:31,2
DA:35,39
DA:36,1
DA:38,1
DA:39,1
DA:41,1
DA:43,1
DA:45,1
DA:48,39
DA:49,1
DA:50,1
DA:53,1
DA:55,1
DA:58,0
DA:64,39
DA:65,1
DA:67,2
DA:69,1
DA:74,39
DA:75,1
DA:77,1
DA:79,1
DA:81,0
DA:84,1
LF:34
LH:32
BRDA:27,0,0,2
BRDA:27,0,1,2
BRDA:36,1,0,1
BRDA:36,1,1,0
BRF:4
BRH:3
end_of_record
TN:
SF:src/utils/dotenvInit.ts
FNF:0
FNH:0
DA:1,7
DA:2,7
DA:4,7
LF:3
LH:3
BRF:0
BRH:0
end_of_record
TN:
SF:src/utils/errorResponse.ts
FN:1,(anonymous_6)
FN:4,ErrorResponse
FNF:2
FNH:2
FNDA:2,(anonymous_6)
FNDA:14,ErrorResponse
DA:1,2
DA:6,14
DA:8,14
DA:10,14
DA:12,2
LF:5
LH:5
BRDA:6,0,0,14
BRDA:6,0,1,0
BRF:2
BRH:1
end_of_record
